{"/Users/doug/PERSONAL/DEMITASTES/dev/vawt-website-claude/server/src/app.ts": {"path":"/Users/doug/PERSONAL/DEMITASTES/dev/vawt-website-claude/server/src/app.ts","statementMap":{"0":{"start":{"line":23,"column":0},"end":{"line":23,"column":16}},"1":{"start":{"line":1,"column":0},"end":{"line":1,"column":76}},"2":{"start":{"line":2,"column":0},"end":{"line":2,"column":28}},"3":{"start":{"line":3,"column":0},"end":{"line":3,"column":24}},"4":{"start":{"line":4,"column":0},"end":{"line":4,"column":30}},"5":{"start":{"line":5,"column":0},"end":{"line":5,"column":33}},"6":{"start":{"line":14,"column":4},"end":{"line":14,"column":19}},"7":{"start":{"line":9,"column":11},"end":{"line":9,"column":29}},"8":{"start":{"line":10,"column":11},"end":{"line":10,"column":23}},"9":{"start":{"line":12,"column":11},"end":{"line":12,"column":44}},"10":{"start":{"line":15,"column":4},"end":{"line":15,"column":27}},"11":{"start":{"line":85,"column":9},"end":{"line":85,"column":17}},"12":{"start":{"line":24,"column":14},"end":{"line":24,"column":23}},"13":{"start":{"line":29,"column":2},"end":{"line":29,"column":20}},"14":{"start":{"line":30,"column":2},"end":{"line":35,"column":4}},"15":{"start":{"line":36,"column":2},"end":{"line":36,"column":26}},"16":{"start":{"line":41,"column":2},"end":{"line":41,"column":29}},"17":{"start":{"line":46,"column":2},"end":{"line":51,"column":5}},"18":{"start":{"line":47,"column":4},"end":{"line":50,"column":7}},"19":{"start":{"line":56,"column":2},"end":{"line":80,"column":4}},"20":{"start":{"line":63,"column":6},"end":{"line":63,"column":35}},"21":{"start":{"line":65,"column":6},"end":{"line":72,"column":7}},"22":{"start":{"line":66,"column":8},"end":{"line":70,"column":11}},"23":{"start":{"line":71,"column":8},"end":{"line":71,"column":15}},"24":{"start":{"line":75,"column":6},"end":{"line":78,"column":9}},"25":{"start":{"line":82,"column":2},"end":{"line":82,"column":13}}},"fnMap":{"0":{"name":"(anonymous_1)","decl":{"start":{"line":8,"column":2},"end":{"line":8,"column":null}},"loc":{"start":{"line":12,"column":44},"end":{"line":16,"column":3}}},"1":{"name":"createApp","decl":{"start":{"line":23,"column":16},"end":{"line":23,"column":25}},"loc":{"start":{"line":23,"column":25},"end":{"line":83,"column":1}}},"2":{"name":"(anonymous_3)","decl":{"start":{"line":46,"column":10},"end":{"line":46,"column":11}},"loc":{"start":{"line":46,"column":42},"end":{"line":51,"column":3}}},"3":{"name":"(anonymous_4)","decl":{"start":{"line":57,"column":4},"end":{"line":57,"column":null}},"loc":{"start":{"line":62,"column":8},"end":{"line":79,"column":5}}}},"branchMap":{"0":{"loc":{"start":{"line":65,"column":6},"end":{"line":72,"column":7}},"type":"if","locations":[{"start":{"line":65,"column":6},"end":{"line":72,"column":7}}]},"1":{"loc":{"start":{"line":69,"column":14},"end":{"line":69,"column":53}},"type":"binary-expr","locations":[{"start":{"line":69,"column":14},"end":{"line":69,"column":25}},{"start":{"line":69,"column":29},"end":{"line":69,"column":53}}]},"2":{"loc":{"start":{"line":77,"column":17},"end":{"line":77,"column":86}},"type":"cond-expr","locations":[{"start":{"line":77,"column":53},"end":{"line":77,"column":64}},{"start":{"line":77,"column":67},"end":{"line":77,"column":86}}]}},"s":{"0":3,"1":3,"2":3,"3":3,"4":3,"5":3,"6":0,"7":0,"8":0,"9":0,"10":0,"11":3,"12":30,"13":30,"14":30,"15":30,"16":30,"17":30,"18":8,"19":30,"20":8,"21":8,"22":0,"23":0,"24":8,"25":30},"f":{"0":0,"1":30,"2":8,"3":8},"b":{"0":[0],"1":[0,0],"2":[0,8]}}
,"/Users/doug/PERSONAL/DEMITASTES/dev/vawt-website-claude/server/src/config.ts": {"path":"/Users/doug/PERSONAL/DEMITASTES/dev/vawt-website-claude/server/src/config.ts","statementMap":{"0":{"start":{"line":1,"column":0},"end":{"line":1,"column":24}},"1":{"start":{"line":2,"column":0},"end":{"line":2,"column":28}},"2":{"start":{"line":3,"column":0},"end":{"line":3,"column":24}},"3":{"start":{"line":6,"column":0},"end":{"line":6,"column":60}},"4":{"start":{"line":8,"column":18},"end":{"line":25,"column":2}},"5":{"start":{"line":31,"column":0},"end":{"line":42,"column":1}},"6":{"start":{"line":32,"column":2},"end":{"line":32,"column":40}},"7":{"start":{"line":34,"column":2},"end":{"line":40,"column":3}},"8":{"start":{"line":35,"column":28},"end":{"line":37,"column":17}},"9":{"start":{"line":36,"column":20},"end":{"line":36,"column":59}},"10":{"start":{"line":38,"column":4},"end":{"line":38,"column":71}},"11":{"start":{"line":39,"column":4},"end":{"line":39,"column":20}},"12":{"start":{"line":41,"column":2},"end":{"line":41,"column":14}},"13":{"start":{"line":44,"column":0},"end":{"line":44,"column":22}}},"fnMap":{"0":{"name":"(anonymous_1)","decl":{"start":{"line":36,"column":11},"end":{"line":36,"column":12}},"loc":{"start":{"line":36,"column":20},"end":{"line":36,"column":59}}}},"branchMap":{"0":{"loc":{"start":{"line":34,"column":2},"end":{"line":40,"column":3}},"type":"if","locations":[{"start":{"line":34,"column":2},"end":{"line":40,"column":3}}]}},"s":{"0":5,"1":5,"2":5,"3":5,"4":5,"5":5,"6":5,"7":0,"8":0,"9":0,"10":0,"11":0,"12":0,"13":5},"f":{"0":0},"b":{"0":[0]}}
,"/Users/doug/PERSONAL/DEMITASTES/dev/vawt-website-claude/server/src/data/loader.ts": {"path":"/Users/doug/PERSONAL/DEMITASTES/dev/vawt-website-claude/server/src/data/loader.ts","statementMap":{"0":{"start":{"line":184,"column":0},"end":{"line":184,"column":16}},"1":{"start":{"line":194,"column":0},"end":{"line":194,"column":16}},"2":{"start":{"line":204,"column":0},"end":{"line":204,"column":16}},"3":{"start":{"line":211,"column":0},"end":{"line":211,"column":16}},"4":{"start":{"line":219,"column":0},"end":{"line":219,"column":16}},"5":{"start":{"line":231,"column":0},"end":{"line":231,"column":16}},"6":{"start":{"line":241,"column":0},"end":{"line":241,"column":16}},"7":{"start":{"line":1,"column":0},"end":{"line":1,"column":20}},"8":{"start":{"line":2,"column":0},"end":{"line":2,"column":24}},"9":{"start":{"line":3,"column":0},"end":{"line":3,"column":24}},"10":{"start":{"line":4,"column":0},"end":{"line":4,"column":31}},"11":{"start":{"line":10,"column":25},"end":{"line":28,"column":2}},"12":{"start":{"line":32,"column":31},"end":{"line":35,"column":2}},"13":{"start":{"line":39,"column":24},"end":{"line":39,"column":56}},"14":{"start":{"line":41,"column":19},"end":{"line":50,"column":2}},"15":{"start":{"line":52,"column":20},"end":{"line":58,"column":2}},"16":{"start":{"line":60,"column":31},"end":{"line":64,"column":null}},"17":{"start":{"line":67,"column":25},"end":{"line":73,"column":2}},"18":{"start":{"line":80,"column":44},"end":{"line":80,"column":48}},"19":{"start":{"line":81,"column":49},"end":{"line":81,"column":53}},"20":{"start":{"line":82,"column":35},"end":{"line":82,"column":37}},"21":{"start":{"line":89,"column":18},"end":{"line":89,"column":33}},"22":{"start":{"line":90,"column":36},"end":{"line":90,"column":38}},"23":{"start":{"line":92,"column":2},"end":{"line":109,"column":3}},"24":{"start":{"line":93,"column":18},"end":{"line":93,"column":41}},"25":{"start":{"line":94,"column":25},"end":{"line":94,"column":76}},"26":{"start":{"line":94,"column":45},"end":{"line":94,"column":75}},"27":{"start":{"line":96,"column":4},"end":{"line":102,"column":5}},"28":{"start":{"line":97,"column":23},"end":{"line":97,"column":51}},"29":{"start":{"line":98,"column":22},"end":{"line":98,"column":56}},"30":{"start":{"line":99,"column":19},"end":{"line":99,"column":38}},"31":{"start":{"line":100,"column":24},"end":{"line":100,"column":52}},"32":{"start":{"line":101,"column":6},"end":{"line":101,"column":34}},"33":{"start":{"line":105,"column":4},"end":{"line":105,"column":48}},"34":{"start":{"line":105,"column":31},"end":{"line":105,"column":46}},"35":{"start":{"line":107,"column":4},"end":{"line":107,"column":80}},"36":{"start":{"line":108,"column":4},"end":{"line":108,"column":16}},"37":{"start":{"line":111,"column":2},"end":{"line":111,"column":21}},"38":{"start":{"line":118,"column":19},"end":{"line":118,"column":66}},"39":{"start":{"line":120,"column":2},"end":{"line":132,"column":3}},"40":{"start":{"line":121,"column":20},"end":{"line":121,"column":54}},"41":{"start":{"line":122,"column":17},"end":{"line":122,"column":36}},"42":{"start":{"line":123,"column":22},"end":{"line":123,"column":56}},"43":{"start":{"line":124,"column":4},"end":{"line":124,"column":21}},"44":{"start":{"line":126,"column":4},"end":{"line":126,"column":74}},"45":{"start":{"line":128,"column":4},"end":{"line":131,"column":6}},"46":{"start":{"line":139,"column":18},"end":{"line":139,"column":33}},"47":{"start":{"line":142,"column":2},"end":{"line":142,"column":53}},"48":{"start":{"line":142,"column":36},"end":{"line":142,"column":51}},"49":{"start":{"line":143,"column":2},"end":{"line":143,"column":20}},"50":{"start":{"line":145,"column":2},"end":{"line":178,"column":3}},"51":{"start":{"line":147,"column":27},"end":{"line":159,"column":null}},"52":{"start":{"line":151,"column":8},"end":{"line":158,"column":9}},"53":{"start":{"line":156,"column":10},"end":{"line":156,"column":79}},"54":{"start":{"line":157,"column":10},"end":{"line":157,"column":34}},"55":{"start":{"line":163,"column":32},"end":{"line":171,"column":null}},"56":{"start":{"line":167,"column":8},"end":{"line":170,"column":9}},"57":{"start":{"line":168,"column":10},"end":{"line":168,"column":62}},"58":{"start":{"line":169,"column":10},"end":{"line":169,"column":35}},"59":{"start":{"line":174,"column":4},"end":{"line":174,"column":59}},"60":{"start":{"line":176,"column":4},"end":{"line":176,"column":58}},"61":{"start":{"line":185,"column":2},"end":{"line":187,"column":3}},"62":{"start":{"line":186,"column":4},"end":{"line":186,"column":45}},"63":{"start":{"line":188,"column":2},"end":{"line":188,"column":26}},"64":{"start":{"line":195,"column":2},"end":{"line":197,"column":3}},"65":{"start":{"line":196,"column":4},"end":{"line":196,"column":47}},"66":{"start":{"line":198,"column":2},"end":{"line":198,"column":40}},"67":{"start":{"line":205,"column":2},"end":{"line":205,"column":52}},"68":{"start":{"line":205,"column":39},"end":{"line":205,"column":50}},"69":{"start":{"line":212,"column":2},"end":{"line":212,"column":55}},"70":{"start":{"line":212,"column":38},"end":{"line":212,"column":53}},"71":{"start":{"line":220,"column":2},"end":{"line":220,"column":52}},"72":{"start":{"line":221,"column":2},"end":{"line":221,"column":26}},"73":{"start":{"line":222,"column":2},"end":{"line":222,"column":27}},"74":{"start":{"line":224,"column":2},"end":{"line":224,"column":19}},"75":{"start":{"line":225,"column":2},"end":{"line":225,"column":20}},"76":{"start":{"line":232,"column":2},"end":{"line":232,"column":55}},"77":{"start":{"line":233,"column":2},"end":{"line":233,"column":19}},"78":{"start":{"line":234,"column":2},"end":{"line":234,"column":20}},"79":{"start":{"line":235,"column":2},"end":{"line":235,"column":22}},"80":{"start":{"line":242,"column":2},"end":{"line":242,"column":53}},"81":{"start":{"line":242,"column":36},"end":{"line":242,"column":51}},"82":{"start":{"line":243,"column":2},"end":{"line":243,"column":20}}},"fnMap":{"0":{"name":"loadTournamentsSync","decl":{"start":{"line":88,"column":9},"end":{"line":88,"column":28}},"loc":{"start":{"line":88,"column":28},"end":{"line":112,"column":1}}},"1":{"name":"(anonymous_2)","decl":{"start":{"line":94,"column":38},"end":{"line":94,"column":39}},"loc":{"start":{"line":94,"column":45},"end":{"line":94,"column":75}}},"2":{"name":"(anonymous_3)","decl":{"start":{"line":105,"column":21},"end":{"line":105,"column":22}},"loc":{"start":{"line":105,"column":31},"end":{"line":105,"column":46}}},"3":{"name":"loadDistilleriesSync","decl":{"start":{"line":117,"column":9},"end":{"line":117,"column":29}},"loc":{"start":{"line":117,"column":29},"end":{"line":133,"column":1}}},"4":{"name":"setupFileWatchers","decl":{"start":{"line":138,"column":9},"end":{"line":138,"column":26}},"loc":{"start":{"line":138,"column":26},"end":{"line":179,"column":1}}},"5":{"name":"(anonymous_6)","decl":{"start":{"line":142,"column":23},"end":{"line":142,"column":24}},"loc":{"start":{"line":142,"column":36},"end":{"line":142,"column":51}}},"6":{"name":"(anonymous_7)","decl":{"start":{"line":150,"column":6},"end":{"line":150,"column":7}},"loc":{"start":{"line":150,"column":30},"end":{"line":159,"column":7}}},"7":{"name":"(anonymous_8)","decl":{"start":{"line":166,"column":6},"end":{"line":166,"column":7}},"loc":{"start":{"line":166,"column":30},"end":{"line":171,"column":7}}},"8":{"name":"getTournaments","decl":{"start":{"line":184,"column":16},"end":{"line":184,"column":30}},"loc":{"start":{"line":184,"column":30},"end":{"line":189,"column":1}}},"9":{"name":"getDistilleries","decl":{"start":{"line":194,"column":16},"end":{"line":194,"column":31}},"loc":{"start":{"line":194,"column":31},"end":{"line":199,"column":1}}},"10":{"name":"getDistillery","decl":{"start":{"line":204,"column":16},"end":{"line":204,"column":29}},"loc":{"start":{"line":204,"column":40},"end":{"line":206,"column":1}}},"11":{"name":"(anonymous_12)","decl":{"start":{"line":205,"column":32},"end":{"line":205,"column":33}},"loc":{"start":{"line":205,"column":39},"end":{"line":205,"column":50}}},"12":{"name":"getTournament","decl":{"start":{"line":211,"column":16},"end":{"line":211,"column":29}},"loc":{"start":{"line":211,"column":42},"end":{"line":213,"column":1}}},"13":{"name":"(anonymous_14)","decl":{"start":{"line":212,"column":31},"end":{"line":212,"column":32}},"loc":{"start":{"line":212,"column":38},"end":{"line":212,"column":53}}},"14":{"name":"forceReload","decl":{"start":{"line":219,"column":16},"end":{"line":219,"column":27}},"loc":{"start":{"line":219,"column":27},"end":{"line":226,"column":1}}},"15":{"name":"initializeDataLoader","decl":{"start":{"line":231,"column":16},"end":{"line":231,"column":36}},"loc":{"start":{"line":231,"column":36},"end":{"line":236,"column":1}}},"16":{"name":"cleanupDataLoader","decl":{"start":{"line":241,"column":16},"end":{"line":241,"column":33}},"loc":{"start":{"line":241,"column":33},"end":{"line":244,"column":1}}},"17":{"name":"(anonymous_18)","decl":{"start":{"line":242,"column":23},"end":{"line":242,"column":24}},"loc":{"start":{"line":242,"column":36},"end":{"line":242,"column":51}}}},"branchMap":{"0":{"loc":{"start":{"line":151,"column":8},"end":{"line":158,"column":9}},"type":"if","locations":[{"start":{"line":151,"column":8},"end":{"line":158,"column":9}}]},"1":{"loc":{"start":{"line":152,"column":10},"end":{"line":154,"column":47}},"type":"binary-expr","locations":[{"start":{"line":152,"column":10},"end":{"line":152,"column":32}},{"start":{"line":153,"column":10},"end":{"line":153,"column":18}},{"start":{"line":154,"column":10},"end":{"line":154,"column":47}}]},"2":{"loc":{"start":{"line":167,"column":8},"end":{"line":170,"column":9}},"type":"if","locations":[{"start":{"line":167,"column":8},"end":{"line":170,"column":9}}]},"3":{"loc":{"start":{"line":167,"column":12},"end":{"line":167,"column":70}},"type":"binary-expr","locations":[{"start":{"line":167,"column":12},"end":{"line":167,"column":34}},{"start":{"line":167,"column":38},"end":{"line":167,"column":70}}]},"4":{"loc":{"start":{"line":185,"column":2},"end":{"line":187,"column":3}},"type":"if","locations":[{"start":{"line":185,"column":2},"end":{"line":187,"column":3}}]},"5":{"loc":{"start":{"line":195,"column":2},"end":{"line":197,"column":3}},"type":"if","locations":[{"start":{"line":195,"column":2},"end":{"line":197,"column":3}}]}},"s":{"0":3,"1":3,"2":3,"3":3,"4":3,"5":3,"6":3,"7":3,"8":3,"9":3,"10":3,"11":3,"12":3,"13":3,"14":3,"15":3,"16":3,"17":3,"18":3,"19":3,"20":3,"21":0,"22":0,"23":0,"24":0,"25":0,"26":0,"27":0,"28":0,"29":0,"30":0,"31":0,"32":0,"33":0,"34":0,"35":0,"36":0,"37":0,"38":0,"39":0,"40":0,"41":0,"42":0,"43":0,"44":0,"45":0,"46":0,"47":0,"48":0,"49":0,"50":0,"51":0,"52":0,"53":0,"54":0,"55":0,"56":0,"57":0,"58":0,"59":0,"60":0,"61":0,"62":0,"63":0,"64":0,"65":0,"66":0,"67":0,"68":0,"69":0,"70":0,"71":0,"72":0,"73":0,"74":0,"75":0,"76":0,"77":0,"78":0,"79":0,"80":0,"81":0,"82":0},"f":{"0":0,"1":0,"2":0,"3":0,"4":0,"5":0,"6":0,"7":0,"8":0,"9":0,"10":0,"11":0,"12":0,"13":0,"14":0,"15":0,"16":0,"17":0},"b":{"0":[0],"1":[0,0,0],"2":[0],"3":[0,0],"4":[0],"5":[0]}}
,"/Users/doug/PERSONAL/DEMITASTES/dev/vawt-website-claude/server/src/db/client.ts": {"path":"/Users/doug/PERSONAL/DEMITASTES/dev/vawt-website-claude/server/src/db/client.ts","statementMap":{"0":{"start":{"line":1,"column":0},"end":{"line":1,"column":38}},"1":{"start":{"line":2,"column":0},"end":{"line":2,"column":24}},"2":{"start":{"line":3,"column":0},"end":{"line":3,"column":31}},"3":{"start":{"line":5,"column":43},"end":{"line":5,"column":47}},"4":{"start":{"line":11,"column":22},"end":{"line":24,"column":1}},"5":{"start":{"line":12,"column":2},"end":{"line":14,"column":3}},"6":{"start":{"line":13,"column":4},"end":{"line":13,"column":22}},"7":{"start":{"line":16,"column":17},"end":{"line":16,"column":51}},"8":{"start":{"line":17,"column":2},"end":{"line":17,"column":36}},"9":{"start":{"line":20,"column":2},"end":{"line":20,"column":42}},"10":{"start":{"line":21,"column":2},"end":{"line":21,"column":41}},"11":{"start":{"line":23,"column":2},"end":{"line":23,"column":20}},"12":{"start":{"line":11,"column":13},"end":{"line":11,"column":22}},"13":{"start":{"line":30,"column":21},"end":{"line":37,"column":1}},"14":{"start":{"line":31,"column":2},"end":{"line":35,"column":3}},"15":{"start":{"line":32,"column":4},"end":{"line":34,"column":6}},"16":{"start":{"line":36,"column":2},"end":{"line":36,"column":20}},"17":{"start":{"line":30,"column":13},"end":{"line":30,"column":21}},"18":{"start":{"line":43,"column":23},"end":{"line":48,"column":1}},"19":{"start":{"line":44,"column":2},"end":{"line":47,"column":3}},"20":{"start":{"line":45,"column":4},"end":{"line":45,"column":23}},"21":{"start":{"line":46,"column":4},"end":{"line":46,"column":22}},"22":{"start":{"line":43,"column":13},"end":{"line":43,"column":23}}},"fnMap":{"0":{"name":"(anonymous_1)","decl":{"start":{"line":11,"column":22},"end":{"line":11,"column":44}},"loc":{"start":{"line":11,"column":46},"end":{"line":24,"column":1}}},"1":{"name":"(anonymous_2)","decl":{"start":{"line":30,"column":21},"end":{"line":30,"column":43}},"loc":{"start":{"line":30,"column":45},"end":{"line":37,"column":1}}},"2":{"name":"(anonymous_3)","decl":{"start":{"line":43,"column":23},"end":{"line":43,"column":32}},"loc":{"start":{"line":43,"column":34},"end":{"line":48,"column":1}}}},"branchMap":{"0":{"loc":{"start":{"line":12,"column":2},"end":{"line":14,"column":3}},"type":"if","locations":[{"start":{"line":12,"column":2},"end":{"line":14,"column":3}}]},"1":{"loc":{"start":{"line":31,"column":2},"end":{"line":35,"column":3}},"type":"if","locations":[{"start":{"line":31,"column":2},"end":{"line":35,"column":3}}]},"2":{"loc":{"start":{"line":44,"column":2},"end":{"line":47,"column":3}},"type":"if","locations":[{"start":{"line":44,"column":2},"end":{"line":47,"column":3}}]}},"s":{"0":1,"1":1,"2":1,"3":1,"4":1,"5":0,"6":0,"7":0,"8":0,"9":0,"10":0,"11":0,"12":1,"13":1,"14":0,"15":0,"16":0,"17":1,"18":1,"19":0,"20":0,"21":0,"22":1},"f":{"0":0,"1":0,"2":0},"b":{"0":[0],"1":[0],"2":[0]}}
,"/Users/doug/PERSONAL/DEMITASTES/dev/vawt-website-claude/server/src/db/migrate.ts": {"path":"/Users/doug/PERSONAL/DEMITASTES/dev/vawt-website-claude/server/src/db/migrate.ts","statementMap":{"0":{"start":{"line":1,"column":0},"end":{"line":1,"column":20}},"1":{"start":{"line":2,"column":0},"end":{"line":2,"column":24}},"2":{"start":{"line":3,"column":0},"end":{"line":3,"column":33}},"3":{"start":{"line":10,"column":29},"end":{"line":68,"column":1}},"4":{"start":{"line":11,"column":13},"end":{"line":11,"column":20}},"5":{"start":{"line":14,"column":2},"end":{"line":19,"column":5}},"6":{"start":{"line":22,"column":24},"end":{"line":22,"column":67}},"7":{"start":{"line":24,"column":2},"end":{"line":27,"column":3}},"8":{"start":{"line":25,"column":4},"end":{"line":25,"column":70}},"9":{"start":{"line":26,"column":4},"end":{"line":26,"column":11}},"10":{"start":{"line":29,"column":16},"end":{"line":32,"column":11}},"11":{"start":{"line":31,"column":19},"end":{"line":31,"column":37}},"12":{"start":{"line":34,"column":2},"end":{"line":37,"column":3}},"13":{"start":{"line":35,"column":4},"end":{"line":35,"column":44}},"14":{"start":{"line":36,"column":4},"end":{"line":36,"column":11}},"15":{"start":{"line":40,"column":18},"end":{"line":42,"column":41}},"16":{"start":{"line":43,"column":21},"end":{"line":43,"column":64}},"17":{"start":{"line":43,"column":50},"end":{"line":43,"column":62}},"18":{"start":{"line":46,"column":2},"end":{"line":65,"column":3}},"19":{"start":{"line":47,"column":4},"end":{"line":50,"column":5}},"20":{"start":{"line":48,"column":6},"end":{"line":48,"column":69}},"21":{"start":{"line":49,"column":6},"end":{"line":49,"column":15}},"22":{"start":{"line":52,"column":21},"end":{"line":52,"column":55}},"23":{"start":{"line":53,"column":16},"end":{"line":53,"column":50}},"24":{"start":{"line":55,"column":4},"end":{"line":55,"column":51}},"25":{"start":{"line":57,"column":4},"end":{"line":64,"column":5}},"26":{"start":{"line":58,"column":6},"end":{"line":58,"column":19}},"27":{"start":{"line":59,"column":6},"end":{"line":59,"column":80}},"28":{"start":{"line":60,"column":6},"end":{"line":60,"column":59}},"29":{"start":{"line":62,"column":6},"end":{"line":62,"column":73}},"30":{"start":{"line":63,"column":6},"end":{"line":63,"column":18}},"31":{"start":{"line":67,"column":2},"end":{"line":67,"column":51}},"32":{"start":{"line":10,"column":13},"end":{"line":10,"column":29}}},"fnMap":{"0":{"name":"(anonymous_1)","decl":{"start":{"line":10,"column":29},"end":{"line":10,"column":38}},"loc":{"start":{"line":10,"column":40},"end":{"line":68,"column":1}}},"1":{"name":"(anonymous_2)","decl":{"start":{"line":31,"column":12},"end":{"line":31,"column":13}},"loc":{"start":{"line":31,"column":19},"end":{"line":31,"column":37}}},"2":{"name":"(anonymous_3)","decl":{"start":{"line":43,"column":41},"end":{"line":43,"column":42}},"loc":{"start":{"line":43,"column":50},"end":{"line":43,"column":62}}}},"branchMap":{"0":{"loc":{"start":{"line":24,"column":2},"end":{"line":27,"column":3}},"type":"if","locations":[{"start":{"line":24,"column":2},"end":{"line":27,"column":3}}]},"1":{"loc":{"start":{"line":34,"column":2},"end":{"line":37,"column":3}},"type":"if","locations":[{"start":{"line":34,"column":2},"end":{"line":37,"column":3}}]},"2":{"loc":{"start":{"line":47,"column":4},"end":{"line":50,"column":5}},"type":"if","locations":[{"start":{"line":47,"column":4},"end":{"line":50,"column":5}}]}},"s":{"0":0,"1":0,"2":0,"3":0,"4":0,"5":0,"6":0,"7":0,"8":0,"9":0,"10":0,"11":0,"12":0,"13":0,"14":0,"15":0,"16":0,"17":0,"18":0,"19":0,"20":0,"21":0,"22":0,"23":0,"24":0,"25":0,"26":0,"27":0,"28":0,"29":0,"30":0,"31":0,"32":0},"f":{"0":0,"1":0,"2":0},"b":{"0":[0],"1":[0],"2":[0]}}
,"/Users/doug/PERSONAL/DEMITASTES/dev/vawt-website-claude/server/src/middleware/auth.ts": {"path":"/Users/doug/PERSONAL/DEMITASTES/dev/vawt-website-claude/server/src/middleware/auth.ts","statementMap":{"0":{"start":{"line":2,"column":0},"end":{"line":2,"column":29}},"1":{"start":{"line":3,"column":0},"end":{"line":3,"column":37}},"2":{"start":{"line":4,"column":0},"end":{"line":4,"column":42}},"3":{"start":{"line":5,"column":0},"end":{"line":5,"column":31}},"4":{"start":{"line":35,"column":2},"end":{"line":94,"column":3}},"5":{"start":{"line":36,"column":19},"end":{"line":36,"column":62}},"6":{"start":{"line":37,"column":21},"end":{"line":37,"column":56}},"7":{"start":{"line":39,"column":20},"end":{"line":39,"column":63}},"8":{"start":{"line":40,"column":22},"end":{"line":40,"column":61}},"9":{"start":{"line":42,"column":4},"end":{"line":44,"column":5}},"10":{"start":{"line":43,"column":6},"end":{"line":43,"column":84}},"11":{"start":{"line":47,"column":15},"end":{"line":47,"column":22}},"12":{"start":{"line":48,"column":20},"end":{"line":50,"column":78}},"13":{"start":{"line":52,"column":4},"end":{"line":54,"column":5}},"14":{"start":{"line":53,"column":6},"end":{"line":53,"column":72}},"15":{"start":{"line":56,"column":4},"end":{"line":58,"column":5}},"16":{"start":{"line":57,"column":6},"end":{"line":57,"column":77}},"17":{"start":{"line":61,"column":16},"end":{"line":61,"column":49}},"18":{"start":{"line":62,"column":4},"end":{"line":64,"column":5}},"19":{"start":{"line":63,"column":6},"end":{"line":63,"column":81}},"20":{"start":{"line":66,"column":19},"end":{"line":66,"column":36}},"21":{"start":{"line":67,"column":4},"end":{"line":69,"column":5}},"22":{"start":{"line":68,"column":6},"end":{"line":68,"column":86}},"23":{"start":{"line":71,"column":17},"end":{"line":73,"column":42}},"24":{"start":{"line":75,"column":4},"end":{"line":77,"column":5}},"25":{"start":{"line":76,"column":6},"end":{"line":76,"column":66}},"26":{"start":{"line":79,"column":4},"end":{"line":79,"column":16}},"27":{"start":{"line":81,"column":4},"end":{"line":83,"column":5}},"28":{"start":{"line":82,"column":6},"end":{"line":82,"column":18}},"29":{"start":{"line":85,"column":4},"end":{"line":87,"column":5}},"30":{"start":{"line":86,"column":6},"end":{"line":86,"column":68}},"31":{"start":{"line":89,"column":4},"end":{"line":91,"column":5}},"32":{"start":{"line":90,"column":6},"end":{"line":90,"column":67}},"33":{"start":{"line":93,"column":4},"end":{"line":93,"column":71}},"34":{"start":{"line":104,"column":27},"end":{"line":129,"column":1}},"35":{"start":{"line":109,"column":2},"end":{"line":128,"column":3}},"36":{"start":{"line":110,"column":23},"end":{"line":110,"column":48}},"37":{"start":{"line":112,"column":4},"end":{"line":118,"column":5}},"38":{"start":{"line":113,"column":6},"end":{"line":117,"column":8}},"39":{"start":{"line":120,"column":18},"end":{"line":120,"column":37}},"40":{"start":{"line":122,"column":17},"end":{"line":122,"column":39}},"41":{"start":{"line":123,"column":4},"end":{"line":123,"column":20}},"42":{"start":{"line":125,"column":4},"end":{"line":125,"column":11}},"43":{"start":{"line":127,"column":4},"end":{"line":127,"column":16}},"44":{"start":{"line":104,"column":13},"end":{"line":104,"column":27}},"45":{"start":{"line":138,"column":28},"end":{"line":166,"column":1}},"46":{"start":{"line":143,"column":2},"end":{"line":165,"column":3}},"47":{"start":{"line":144,"column":23},"end":{"line":144,"column":48}},"48":{"start":{"line":146,"column":4},"end":{"line":150,"column":5}},"49":{"start":{"line":148,"column":6},"end":{"line":148,"column":13}},"50":{"start":{"line":149,"column":6},"end":{"line":149,"column":13}},"51":{"start":{"line":152,"column":18},"end":{"line":152,"column":37}},"52":{"start":{"line":154,"column":17},"end":{"line":154,"column":39}},"53":{"start":{"line":155,"column":4},"end":{"line":155,"column":20}},"54":{"start":{"line":157,"column":4},"end":{"line":157,"column":11}},"55":{"start":{"line":160,"column":4},"end":{"line":163,"column":5}},"56":{"start":{"line":161,"column":6},"end":{"line":161,"column":13}},"57":{"start":{"line":162,"column":6},"end":{"line":162,"column":13}},"58":{"start":{"line":164,"column":4},"end":{"line":164,"column":16}},"59":{"start":{"line":138,"column":13},"end":{"line":138,"column":28}}},"fnMap":{"0":{"name":"verifyJWT","decl":{"start":{"line":34,"column":15},"end":{"line":34,"column":24}},"loc":{"start":{"line":34,"column":38},"end":{"line":95,"column":1}}},"1":{"name":"(anonymous_11)","decl":{"start":{"line":104,"column":27},"end":{"line":104,"column":32}},"loc":{"start":{"line":108,"column":19},"end":{"line":129,"column":1}}},"2":{"name":"(anonymous_12)","decl":{"start":{"line":138,"column":28},"end":{"line":138,"column":33}},"loc":{"start":{"line":142,"column":19},"end":{"line":166,"column":1}}}},"branchMap":{"0":{"loc":{"start":{"line":42,"column":4},"end":{"line":44,"column":5}},"type":"if","locations":[{"start":{"line":42,"column":4},"end":{"line":44,"column":5}}]},"1":{"loc":{"start":{"line":52,"column":4},"end":{"line":54,"column":5}},"type":"if","locations":[{"start":{"line":52,"column":4},"end":{"line":54,"column":5}}]},"2":{"loc":{"start":{"line":56,"column":4},"end":{"line":58,"column":5}},"type":"if","locations":[{"start":{"line":56,"column":4},"end":{"line":58,"column":5}}]},"3":{"loc":{"start":{"line":62,"column":4},"end":{"line":64,"column":5}},"type":"if","locations":[{"start":{"line":62,"column":4},"end":{"line":64,"column":5}}]},"4":{"loc":{"start":{"line":67,"column":4},"end":{"line":69,"column":5}},"type":"if","locations":[{"start":{"line":67,"column":4},"end":{"line":69,"column":5}}]},"5":{"loc":{"start":{"line":75,"column":4},"end":{"line":77,"column":5}},"type":"if","locations":[{"start":{"line":75,"column":4},"end":{"line":77,"column":5}}]},"6":{"loc":{"start":{"line":81,"column":4},"end":{"line":83,"column":5}},"type":"if","locations":[{"start":{"line":81,"column":4},"end":{"line":83,"column":5}}]},"7":{"loc":{"start":{"line":85,"column":4},"end":{"line":87,"column":5}},"type":"if","locations":[{"start":{"line":85,"column":4},"end":{"line":87,"column":5}}]},"8":{"loc":{"start":{"line":89,"column":4},"end":{"line":91,"column":5}},"type":"if","locations":[{"start":{"line":89,"column":4},"end":{"line":91,"column":5}}]},"9":{"loc":{"start":{"line":112,"column":4},"end":{"line":118,"column":5}},"type":"if","locations":[{"start":{"line":112,"column":4},"end":{"line":118,"column":5}}]},"10":{"loc":{"start":{"line":112,"column":8},"end":{"line":112,"column":56}},"type":"binary-expr","locations":[{"start":{"line":112,"column":8},"end":{"line":112,"column":19}},{"start":{"line":112,"column":23},"end":{"line":112,"column":56}}]},"11":{"loc":{"start":{"line":146,"column":4},"end":{"line":150,"column":5}},"type":"if","locations":[{"start":{"line":146,"column":4},"end":{"line":150,"column":5}}]},"12":{"loc":{"start":{"line":146,"column":8},"end":{"line":146,"column":56}},"type":"binary-expr","locations":[{"start":{"line":146,"column":8},"end":{"line":146,"column":19}},{"start":{"line":146,"column":23},"end":{"line":146,"column":56}}]},"13":{"loc":{"start":{"line":160,"column":4},"end":{"line":163,"column":5}},"type":"if","locations":[{"start":{"line":160,"column":4},"end":{"line":163,"column":5}}]},"14":{"loc":{"start":{"line":160,"column":8},"end":{"line":160,"column":61}},"type":"binary-expr","locations":[{"start":{"line":160,"column":8},"end":{"line":160,"column":33}},{"start":{"line":160,"column":37},"end":{"line":160,"column":61}}]}},"s":{"0":4,"1":4,"2":4,"3":4,"4":11,"5":11,"6":11,"7":9,"8":9,"9":9,"10":0,"11":9,"12":9,"13":9,"14":0,"15":9,"16":2,"17":7,"18":7,"19":0,"20":7,"21":7,"22":0,"23":7,"24":7,"25":0,"26":7,"27":4,"28":2,"29":2,"30":0,"31":2,"32":0,"33":2,"34":4,"35":11,"36":11,"37":11,"38":4,"39":7,"40":7,"41":5,"42":5,"43":6,"44":4,"45":4,"46":7,"47":7,"48":7,"49":3,"50":3,"51":4,"52":4,"53":2,"54":2,"55":2,"56":2,"57":2,"58":0,"59":4},"f":{"0":11,"1":11,"2":7},"b":{"0":[0],"1":[0],"2":[2],"3":[0],"4":[0],"5":[0],"6":[2],"7":[0],"8":[0],"9":[4],"10":[11,8],"11":[3],"12":[7,4],"13":[2],"14":[2,2]}}
,"/Users/doug/PERSONAL/DEMITASTES/dev/vawt-website-claude/server/src/middleware/errorHandler.ts": {"path":"/Users/doug/PERSONAL/DEMITASTES/dev/vawt-website-claude/server/src/middleware/errorHandler.ts","statementMap":{"0":{"start":{"line":13,"column":4},"end":{"line":13,"column":19}},"1":{"start":{"line":8,"column":11},"end":{"line":8,"column":29}},"2":{"start":{"line":9,"column":11},"end":{"line":9,"column":23}},"3":{"start":{"line":11,"column":11},"end":{"line":11,"column":44}},"4":{"start":{"line":14,"column":4},"end":{"line":14,"column":27}},"5":{"start":{"line":15,"column":4},"end":{"line":15,"column":52}},"6":{"start":{"line":6,"column":0},"end":{"line":6,"column":13}},"7":{"start":{"line":26,"column":28},"end":{"line":73,"column":1}},"8":{"start":{"line":33,"column":2},"end":{"line":39,"column":5}},"9":{"start":{"line":41,"column":19},"end":{"line":41,"column":22}},"10":{"start":{"line":42,"column":13},"end":{"line":42,"column":36}},"11":{"start":{"line":43,"column":16},"end":{"line":43,"column":46}},"12":{"start":{"line":46,"column":2},"end":{"line":51,"column":3}},"13":{"start":{"line":47,"column":4},"end":{"line":47,"column":32}},"14":{"start":{"line":48,"column":4},"end":{"line":48,"column":20}},"15":{"start":{"line":49,"column":4},"end":{"line":49,"column":26}},"16":{"start":{"line":50,"column":4},"end":{"line":50,"column":26}},"17":{"start":{"line":53,"column":49},"end":{"line":58,"column":4}},"18":{"start":{"line":60,"column":2},"end":{"line":65,"column":3}},"19":{"start":{"line":61,"column":4},"end":{"line":64,"column":6}},"20":{"start":{"line":68,"column":2},"end":{"line":70,"column":3}},"21":{"start":{"line":69,"column":5},"end":{"line":69,"column":71}},"22":{"start":{"line":72,"column":2},"end":{"line":72,"column":45}},"23":{"start":{"line":26,"column":13},"end":{"line":26,"column":28}}},"fnMap":{"0":{"name":"(anonymous_0)","decl":{"start":{"line":7,"column":2},"end":{"line":7,"column":null}},"loc":{"start":{"line":11,"column":44},"end":{"line":16,"column":3}}},"1":{"name":"(anonymous_1)","decl":{"start":{"line":26,"column":28},"end":{"line":26,"column":null}},"loc":{"start":{"line":31,"column":10},"end":{"line":73,"column":1}}}},"branchMap":{"0":{"loc":{"start":{"line":36,"column":10},"end":{"line":36,"column":56}},"type":"cond-expr","locations":[{"start":{"line":36,"column":36},"end":{"line":36,"column":44}},{"start":{"line":36,"column":47},"end":{"line":36,"column":56}}]},"1":{"loc":{"start":{"line":37,"column":13},"end":{"line":37,"column":62}},"type":"cond-expr","locations":[{"start":{"line":37,"column":39},"end":{"line":37,"column":50}},{"start":{"line":37,"column":53},"end":{"line":37,"column":62}}]},"2":{"loc":{"start":{"line":38,"column":11},"end":{"line":38,"column":73}},"type":"cond-expr","locations":[{"start":{"line":38,"column":52},"end":{"line":38,"column":61}},{"start":{"line":38,"column":64},"end":{"line":38,"column":73}}]},"3":{"loc":{"start":{"line":46,"column":2},"end":{"line":51,"column":3}},"type":"if","locations":[{"start":{"line":46,"column":2},"end":{"line":51,"column":3}}]},"4":{"loc":{"start":{"line":60,"column":2},"end":{"line":65,"column":3}},"type":"if","locations":[{"start":{"line":60,"column":2},"end":{"line":65,"column":3}}]},"5":{"loc":{"start":{"line":68,"column":2},"end":{"line":70,"column":3}},"type":"if","locations":[{"start":{"line":68,"column":2},"end":{"line":70,"column":3}}]}},"s":{"0":19,"1":19,"2":19,"3":19,"4":19,"5":19,"6":5,"7":5,"8":0,"9":0,"10":0,"11":0,"12":0,"13":0,"14":0,"15":0,"16":0,"17":0,"18":0,"19":0,"20":0,"21":0,"22":0,"23":5},"f":{"0":19,"1":0},"b":{"0":[0,0],"1":[0,0],"2":[0,0],"3":[0],"4":[0],"5":[0]}}
,"/Users/doug/PERSONAL/DEMITASTES/dev/vawt-website-claude/server/src/middleware/index.ts": {"path":"/Users/doug/PERSONAL/DEMITASTES/dev/vawt-website-claude/server/src/middleware/index.ts","statementMap":{"0":{"start":{"line":11,"column":0},"end":{"line":11,"column":9}},"1":{"start":{"line":11,"column":9},"end":{"line":11,"column":23}},"2":{"start":{"line":11,"column":23},"end":{"line":11,"column":56}},"3":{"start":{"line":12,"column":0},"end":{"line":12,"column":9}},"4":{"start":{"line":12,"column":9},"end":{"line":12,"column":22}},"5":{"start":{"line":12,"column":22},"end":{"line":12,"column":66}},"6":{"start":{"line":13,"column":0},"end":{"line":13,"column":9}},"7":{"start":{"line":13,"column":9},"end":{"line":13,"column":38}},"8":{"start":{"line":14,"column":0},"end":{"line":14,"column":9}},"9":{"start":{"line":14,"column":9},"end":{"line":14,"column":56}}},"fnMap":{"0":{"name":"(anonymous_0)","decl":{"start":{"line":11,"column":9},"end":{"line":11,"column":21}},"loc":{"start":{"line":11,"column":9},"end":{"line":11,"column":23}}},"1":{"name":"(anonymous_1)","decl":{"start":{"line":11,"column":23},"end":{"line":11,"column":31}},"loc":{"start":{"line":11,"column":23},"end":{"line":11,"column":56}}},"2":{"name":"(anonymous_2)","decl":{"start":{"line":12,"column":9},"end":{"line":12,"column":20}},"loc":{"start":{"line":12,"column":9},"end":{"line":12,"column":22}}},"3":{"name":"(anonymous_3)","decl":{"start":{"line":12,"column":22},"end":{"line":12,"column":34}},"loc":{"start":{"line":12,"column":22},"end":{"line":12,"column":66}}},"4":{"name":"(anonymous_4)","decl":{"start":{"line":13,"column":9},"end":{"line":13,"column":17}},"loc":{"start":{"line":13,"column":9},"end":{"line":13,"column":38}}},"5":{"name":"(anonymous_5)","decl":{"start":{"line":14,"column":9},"end":{"line":14,"column":26}},"loc":{"start":{"line":14,"column":9},"end":{"line":14,"column":56}}}},"branchMap":{},"s":{"0":0,"1":0,"2":0,"3":0,"4":0,"5":0,"6":0,"7":0,"8":0,"9":0},"f":{"0":0,"1":0,"2":0,"3":0,"4":0,"5":0},"b":{}}
,"/Users/doug/PERSONAL/DEMITASTES/dev/vawt-website-claude/server/src/middleware/requireServiceKey.ts": {"path":"/Users/doug/PERSONAL/DEMITASTES/dev/vawt-website-claude/server/src/middleware/requireServiceKey.ts","statementMap":{"0":{"start":{"line":2,"column":0},"end":{"line":2,"column":41}},"1":{"start":{"line":3,"column":0},"end":{"line":3,"column":42}},"2":{"start":{"line":4,"column":0},"end":{"line":4,"column":31}},"3":{"start":{"line":14,"column":33},"end":{"line":57,"column":1}},"4":{"start":{"line":19,"column":2},"end":{"line":56,"column":3}},"5":{"start":{"line":20,"column":23},"end":{"line":20,"column":73}},"6":{"start":{"line":22,"column":4},"end":{"line":28,"column":5}},"7":{"start":{"line":23,"column":6},"end":{"line":27,"column":8}},"8":{"start":{"line":31,"column":27},"end":{"line":31,"column":50}},"9":{"start":{"line":32,"column":27},"end":{"line":32,"column":58}},"10":{"start":{"line":35,"column":4},"end":{"line":41,"column":5}},"11":{"start":{"line":36,"column":6},"end":{"line":40,"column":8}},"12":{"start":{"line":43,"column":20},"end":{"line":43,"column":67}},"13":{"start":{"line":45,"column":4},"end":{"line":51,"column":5}},"14":{"start":{"line":46,"column":6},"end":{"line":50,"column":8}},"15":{"start":{"line":53,"column":4},"end":{"line":53,"column":11}},"16":{"start":{"line":55,"column":4},"end":{"line":55,"column":16}},"17":{"start":{"line":14,"column":13},"end":{"line":14,"column":33}}},"fnMap":{"0":{"name":"(anonymous_1)","decl":{"start":{"line":14,"column":33},"end":{"line":14,"column":null}},"loc":{"start":{"line":18,"column":10},"end":{"line":57,"column":1}}}},"branchMap":{"0":{"loc":{"start":{"line":22,"column":4},"end":{"line":28,"column":5}},"type":"if","locations":[{"start":{"line":22,"column":4},"end":{"line":28,"column":5}}]},"1":{"loc":{"start":{"line":35,"column":4},"end":{"line":41,"column":5}},"type":"if","locations":[{"start":{"line":35,"column":4},"end":{"line":41,"column":5}}]},"2":{"loc":{"start":{"line":45,"column":4},"end":{"line":51,"column":5}},"type":"if","locations":[{"start":{"line":45,"column":4},"end":{"line":51,"column":5}}]}},"s":{"0":0,"1":0,"2":0,"3":0,"4":0,"5":0,"6":0,"7":0,"8":0,"9":0,"10":0,"11":0,"12":0,"13":0,"14":0,"15":0,"16":0,"17":0},"f":{"0":0},"b":{"0":[0],"1":[0],"2":[0]}}
,"/Users/doug/PERSONAL/DEMITASTES/dev/vawt-website-claude/server/src/middleware/validate.ts": {"path":"/Users/doug/PERSONAL/DEMITASTES/dev/vawt-website-claude/server/src/middleware/validate.ts","statementMap":{"0":{"start":{"line":2,"column":0},"end":{"line":2,"column":42}},"1":{"start":{"line":3,"column":0},"end":{"line":3,"column":42}},"2":{"start":{"line":31,"column":31},"end":{"line":75,"column":1}},"3":{"start":{"line":35,"column":2},"end":{"line":74,"column":4}},"4":{"start":{"line":40,"column":4},"end":{"line":73,"column":5}},"5":{"start":{"line":41,"column":29},"end":{"line":41,"column":103}},"6":{"start":{"line":42,"column":24},"end":{"line":42,"column":52}},"7":{"start":{"line":45,"column":6},"end":{"line":51,"column":7}},"8":{"start":{"line":46,"column":8},"end":{"line":46,"column":29}},"9":{"start":{"line":47,"column":13},"end":{"line":51,"column":7}},"10":{"start":{"line":48,"column":8},"end":{"line":48,"column":37}},"11":{"start":{"line":49,"column":13},"end":{"line":51,"column":7}},"12":{"start":{"line":50,"column":8},"end":{"line":50,"column":38}},"13":{"start":{"line":53,"column":6},"end":{"line":53,"column":13}},"14":{"start":{"line":55,"column":6},"end":{"line":72,"column":7}},"15":{"start":{"line":56,"column":24},"end":{"line":60,"column":11}},"16":{"start":{"line":56,"column":51},"end":{"line":60,"column":10}},"17":{"start":{"line":62,"column":25},"end":{"line":66,"column":null}},"18":{"start":{"line":69,"column":8},"end":{"line":69,"column":23}},"19":{"start":{"line":71,"column":8},"end":{"line":71,"column":20}},"20":{"start":{"line":31,"column":13},"end":{"line":31,"column":31}},"21":{"start":{"line":80,"column":24},"end":{"line":82,"column":1}},"22":{"start":{"line":81,"column":2},"end":{"line":81,"column":41}},"23":{"start":{"line":80,"column":13},"end":{"line":80,"column":24}}},"fnMap":{"0":{"name":"(anonymous_0)","decl":{"start":{"line":31,"column":31},"end":{"line":31,"column":null}},"loc":{"start":{"line":34,"column":4},"end":{"line":75,"column":1}}},"1":{"name":"(anonymous_1)","decl":{"start":{"line":35,"column":9},"end":{"line":35,"column":14}},"loc":{"start":{"line":39,"column":21},"end":{"line":74,"column":3}}},"2":{"name":"(anonymous_2)","decl":{"start":{"line":56,"column":41},"end":{"line":56,"column":42}},"loc":{"start":{"line":56,"column":51},"end":{"line":60,"column":10}}},"3":{"name":"(anonymous_3)","decl":{"start":{"line":80,"column":24},"end":{"line":80,"column":25}},"loc":{"start":{"line":80,"column":46},"end":{"line":82,"column":1}}}},"branchMap":{"0":{"loc":{"start":{"line":41,"column":29},"end":{"line":41,"column":103}},"type":"cond-expr","locations":[{"start":{"line":41,"column":49},"end":{"line":41,"column":57}},{"start":{"line":41,"column":60},"end":{"line":41,"column":103}}]},"1":{"loc":{"start":{"line":41,"column":60},"end":{"line":41,"column":103}},"type":"cond-expr","locations":[{"start":{"line":41,"column":81},"end":{"line":41,"column":90}},{"start":{"line":41,"column":93},"end":{"line":41,"column":103}}]},"2":{"loc":{"start":{"line":45,"column":6},"end":{"line":51,"column":7}},"type":"if","locations":[{"start":{"line":45,"column":6},"end":{"line":51,"column":7}},{"start":{"line":47,"column":13},"end":{"line":51,"column":7}}]},"3":{"loc":{"start":{"line":47,"column":13},"end":{"line":51,"column":7}},"type":"if","locations":[{"start":{"line":47,"column":13},"end":{"line":51,"column":7}},{"start":{"line":49,"column":13},"end":{"line":51,"column":7}}]},"4":{"loc":{"start":{"line":49,"column":13},"end":{"line":51,"column":7}},"type":"if","locations":[{"start":{"line":49,"column":13},"end":{"line":51,"column":7}}]},"5":{"loc":{"start":{"line":55,"column":6},"end":{"line":72,"column":7}},"type":"if","locations":[{"start":{"line":55,"column":6},"end":{"line":72,"column":7}},{"start":{"line":70,"column":13},"end":{"line":72,"column":7}}]}},"s":{"0":4,"1":4,"2":4,"3":12,"4":13,"5":13,"6":13,"7":6,"8":4,"9":2,"10":1,"11":1,"12":1,"13":6,"14":7,"15":7,"16":8,"17":7,"18":7,"19":0,"20":4,"21":4,"22":0,"23":4},"f":{"0":12,"1":13,"2":8,"3":0},"b":{"0":[11,2],"1":[1,1],"2":[4,2],"3":[1,1],"4":[1],"5":[7,0]}}
,"/Users/doug/PERSONAL/DEMITASTES/dev/vawt-website-claude/server/src/routes/admin.ts": {"path":"/Users/doug/PERSONAL/DEMITASTES/dev/vawt-website-claude/server/src/routes/admin.ts","statementMap":{"0":{"start":{"line":1,"column":0},"end":{"line":1,"column":52}},"1":{"start":{"line":3,"column":15},"end":{"line":3,"column":23}},"2":{"start":{"line":19,"column":0},"end":{"line":24,"column":3}},"3":{"start":{"line":20,"column":2},"end":{"line":23,"column":5}},"4":{"start":{"line":26,"column":0},"end":{"line":26,"column":22}}},"fnMap":{"0":{"name":"(anonymous_0)","decl":{"start":{"line":19,"column":16},"end":{"line":19,"column":17}},"loc":{"start":{"line":19,"column":49},"end":{"line":24,"column":1}}}},"branchMap":{},"s":{"0":3,"1":3,"2":3,"3":0,"4":3},"f":{"0":0},"b":{}}
,"/Users/doug/PERSONAL/DEMITASTES/dev/vawt-website-claude/server/src/routes/auth.ts": {"path":"/Users/doug/PERSONAL/DEMITASTES/dev/vawt-website-claude/server/src/routes/auth.ts","statementMap":{"0":{"start":{"line":1,"column":0},"end":{"line":1,"column":66}},"1":{"start":{"line":2,"column":0},"end":{"line":2,"column":24}},"2":{"start":{"line":3,"column":0},"end":{"line":3,"column":37}},"3":{"start":{"line":4,"column":0},"end":{"line":4,"column":54}},"4":{"start":{"line":5,"column":0},"end":{"line":5,"column":63}},"5":{"start":{"line":6,"column":0},"end":{"line":6,"column":57}},"6":{"start":{"line":7,"column":0},"end":{"line":7,"column":55}},"7":{"start":{"line":8,"column":0},"end":{"line":8,"column":65}},"8":{"start":{"line":9,"column":0},"end":{"line":9,"column":71}},"9":{"start":{"line":11,"column":15},"end":{"line":11,"column":23}},"10":{"start":{"line":16,"column":31},"end":{"line":18,"column":2}},"11":{"start":{"line":25,"column":0},"end":{"line":52,"column":2}},"12":{"start":{"line":29,"column":4},"end":{"line":50,"column":5}},"13":{"start":{"line":30,"column":24},"end":{"line":30,"column":74}},"14":{"start":{"line":33,"column":20},"end":{"line":33,"column":61}},"15":{"start":{"line":36,"column":6},"end":{"line":42,"column":7}},"16":{"start":{"line":37,"column":8},"end":{"line":37,"column":64}},"17":{"start":{"line":40,"column":8},"end":{"line":40,"column":65}},"18":{"start":{"line":45,"column":6},"end":{"line":47,"column":9}},"19":{"start":{"line":49,"column":6},"end":{"line":49,"column":18}},"20":{"start":{"line":58,"column":0},"end":{"line":78,"column":2}},"21":{"start":{"line":61,"column":4},"end":{"line":76,"column":5}},"22":{"start":{"line":62,"column":24},"end":{"line":62,"column":33}},"23":{"start":{"line":64,"column":6},"end":{"line":66,"column":7}},"24":{"start":{"line":65,"column":8},"end":{"line":65,"column":81}},"25":{"start":{"line":69,"column":18},"end":{"line":69,"column":63}},"26":{"start":{"line":71,"column":6},"end":{"line":73,"column":9}},"27":{"start":{"line":75,"column":6},"end":{"line":75,"column":18}},"28":{"start":{"line":85,"column":0},"end":{"line":120,"column":2}},"29":{"start":{"line":89,"column":4},"end":{"line":118,"column":5}},"30":{"start":{"line":90,"column":23},"end":{"line":90,"column":32}},"31":{"start":{"line":91,"column":24},"end":{"line":91,"column":39}},"32":{"start":{"line":93,"column":6},"end":{"line":99,"column":7}},"33":{"start":{"line":94,"column":8},"end":{"line":98,"column":10}},"34":{"start":{"line":102,"column":18},"end":{"line":102,"column":61}},"35":{"start":{"line":105,"column":6},"end":{"line":108,"column":7}},"36":{"start":{"line":106,"column":26},"end":{"line":106,"column":83}},"37":{"start":{"line":107,"column":8},"end":{"line":107,"column":61}},"38":{"start":{"line":110,"column":22},"end":{"line":110,"column":64}},"39":{"start":{"line":113,"column":6},"end":{"line":115,"column":9}},"40":{"start":{"line":117,"column":6},"end":{"line":117,"column":18}},"41":{"start":{"line":133,"column":0},"end":{"line":206,"column":2}},"42":{"start":{"line":136,"column":4},"end":{"line":204,"column":5}},"43":{"start":{"line":137,"column":30},"end":{"line":137,"column":39}},"44":{"start":{"line":139,"column":6},"end":{"line":141,"column":7}},"45":{"start":{"line":140,"column":8},"end":{"line":140,"column":90}},"46":{"start":{"line":143,"column":6},"end":{"line":145,"column":7}},"47":{"start":{"line":144,"column":8},"end":{"line":144,"column":80}},"48":{"start":{"line":148,"column":39},"end":{"line":148,"column":41}},"49":{"start":{"line":149,"column":6},"end":{"line":155,"column":7}},"50":{"start":{"line":150,"column":29},"end":{"line":150,"column":78}},"51":{"start":{"line":151,"column":8},"end":{"line":151,"column":64}},"52":{"start":{"line":154,"column":8},"end":{"line":154,"column":26}},"53":{"start":{"line":158,"column":26},"end":{"line":158,"column":70}},"54":{"start":{"line":161,"column":26},"end":{"line":161,"column":81}},"55":{"start":{"line":163,"column":6},"end":{"line":201,"column":7}},"56":{"start":{"line":165,"column":23},"end":{"line":165,"column":60}},"57":{"start":{"line":168,"column":19},"end":{"line":168,"column":26}},"58":{"start":{"line":169,"column":21},"end":{"line":171,"column":52}},"59":{"start":{"line":173,"column":8},"end":{"line":175,"column":9}},"60":{"start":{"line":174,"column":10},"end":{"line":174,"column":70}},"61":{"start":{"line":178,"column":8},"end":{"line":182,"column":10}},"62":{"start":{"line":185,"column":20},"end":{"line":185,"column":59}},"63":{"start":{"line":187,"column":8},"end":{"line":190,"column":11}},"64":{"start":{"line":193,"column":21},"end":{"line":193,"column":64}},"65":{"start":{"line":196,"column":20},"end":{"line":196,"column":60}},"66":{"start":{"line":198,"column":8},"end":{"line":200,"column":11}},"67":{"start":{"line":203,"column":6},"end":{"line":203,"column":18}},"68":{"start":{"line":214,"column":0},"end":{"line":236,"column":2}},"69":{"start":{"line":218,"column":4},"end":{"line":234,"column":5}},"70":{"start":{"line":219,"column":6},"end":{"line":221,"column":7}},"71":{"start":{"line":220,"column":8},"end":{"line":220,"column":79}},"72":{"start":{"line":224,"column":24},"end":{"line":224,"column":81}},"73":{"start":{"line":225,"column":20},"end":{"line":225,"column":64}},"74":{"start":{"line":227,"column":22},"end":{"line":227,"column":64}},"75":{"start":{"line":229,"column":6},"end":{"line":231,"column":9}},"76":{"start":{"line":233,"column":6},"end":{"line":233,"column":18}},"77":{"start":{"line":242,"column":0},"end":{"line":287,"column":2}},"78":{"start":{"line":246,"column":4},"end":{"line":285,"column":5}},"79":{"start":{"line":247,"column":6},"end":{"line":249,"column":7}},"80":{"start":{"line":248,"column":8},"end":{"line":248,"column":79}},"81":{"start":{"line":252,"column":25},"end":{"line":252,"column":50}},"82":{"start":{"line":253,"column":6},"end":{"line":255,"column":7}},"83":{"start":{"line":254,"column":8},"end":{"line":254,"column":85}},"84":{"start":{"line":257,"column":20},"end":{"line":257,"column":39}},"85":{"start":{"line":260,"column":6},"end":{"line":278,"column":7}},"86":{"start":{"line":261,"column":22},"end":{"line":261,"column":38}},"87":{"start":{"line":262,"column":8},"end":{"line":264,"column":9}},"88":{"start":{"line":263,"column":10},"end":{"line":263,"column":48}},"89":{"start":{"line":266,"column":24},"end":{"line":266,"column":null}},"90":{"start":{"line":270,"column":26},"end":{"line":270,"column":65}},"91":{"start":{"line":272,"column":8},"end":{"line":274,"column":9}},"92":{"start":{"line":273,"column":10},"end":{"line":273,"column":47}},"93":{"start":{"line":276,"column":8},"end":{"line":276,"column":70}},"94":{"start":{"line":280,"column":6},"end":{"line":282,"column":9}},"95":{"start":{"line":284,"column":6},"end":{"line":284,"column":18}},"96":{"start":{"line":293,"column":0},"end":{"line":326,"column":2}},"97":{"start":{"line":297,"column":4},"end":{"line":324,"column":5}},"98":{"start":{"line":298,"column":6},"end":{"line":300,"column":7}},"99":{"start":{"line":299,"column":8},"end":{"line":299,"column":79}},"100":{"start":{"line":303,"column":17},"end":{"line":303,"column":24}},"101":{"start":{"line":304,"column":19},"end":{"line":306,"column":32}},"102":{"start":{"line":308,"column":6},"end":{"line":310,"column":7}},"103":{"start":{"line":309,"column":8},"end":{"line":309,"column":68}},"104":{"start":{"line":312,"column":6},"end":{"line":321,"column":9}},"105":{"start":{"line":323,"column":6},"end":{"line":323,"column":18}},"106":{"start":{"line":328,"column":0},"end":{"line":328,"column":22}}},"fnMap":{"0":{"name":"(anonymous_9)","decl":{"start":{"line":28,"column":2},"end":{"line":28,"column":7}},"loc":{"start":{"line":28,"column":60},"end":{"line":51,"column":3}}},"1":{"name":"(anonymous_10)","decl":{"start":{"line":60,"column":2},"end":{"line":60,"column":7}},"loc":{"start":{"line":60,"column":60},"end":{"line":77,"column":3}}},"2":{"name":"(anonymous_11)","decl":{"start":{"line":88,"column":2},"end":{"line":88,"column":7}},"loc":{"start":{"line":88,"column":60},"end":{"line":119,"column":3}}},"3":{"name":"(anonymous_12)","decl":{"start":{"line":135,"column":2},"end":{"line":135,"column":7}},"loc":{"start":{"line":135,"column":60},"end":{"line":205,"column":3}}},"4":{"name":"(anonymous_13)","decl":{"start":{"line":217,"column":2},"end":{"line":217,"column":7}},"loc":{"start":{"line":217,"column":60},"end":{"line":235,"column":3}}},"5":{"name":"(anonymous_14)","decl":{"start":{"line":245,"column":2},"end":{"line":245,"column":7}},"loc":{"start":{"line":245,"column":60},"end":{"line":286,"column":3}}},"6":{"name":"(anonymous_15)","decl":{"start":{"line":296,"column":2},"end":{"line":296,"column":7}},"loc":{"start":{"line":296,"column":60},"end":{"line":325,"column":3}}}},"branchMap":{"0":{"loc":{"start":{"line":64,"column":6},"end":{"line":66,"column":7}},"type":"if","locations":[{"start":{"line":64,"column":6},"end":{"line":66,"column":7}}]},"1":{"loc":{"start":{"line":64,"column":10},"end":{"line":64,"column":45}},"type":"binary-expr","locations":[{"start":{"line":64,"column":10},"end":{"line":64,"column":35}},{"start":{"line":64,"column":39},"end":{"line":64,"column":45}}]},"2":{"loc":{"start":{"line":93,"column":6},"end":{"line":99,"column":7}},"type":"if","locations":[{"start":{"line":93,"column":6},"end":{"line":99,"column":7}}]},"3":{"loc":{"start":{"line":93,"column":10},"end":{"line":93,"column":32}},"type":"binary-expr","locations":[{"start":{"line":93,"column":10},"end":{"line":93,"column":19}},{"start":{"line":93,"column":23},"end":{"line":93,"column":32}}]},"4":{"loc":{"start":{"line":105,"column":6},"end":{"line":108,"column":7}},"type":"if","locations":[{"start":{"line":105,"column":6},"end":{"line":108,"column":7}}]},"5":{"loc":{"start":{"line":105,"column":10},"end":{"line":105,"column":31}},"type":"binary-expr","locations":[{"start":{"line":105,"column":10},"end":{"line":105,"column":19}},{"start":{"line":105,"column":23},"end":{"line":105,"column":31}}]},"6":{"loc":{"start":{"line":139,"column":6},"end":{"line":141,"column":7}},"type":"if","locations":[{"start":{"line":139,"column":6},"end":{"line":141,"column":7}}]},"7":{"loc":{"start":{"line":139,"column":10},"end":{"line":139,"column":43}},"type":"binary-expr","locations":[{"start":{"line":139,"column":10},"end":{"line":139,"column":34}},{"start":{"line":139,"column":38},"end":{"line":139,"column":43}}]},"8":{"loc":{"start":{"line":143,"column":6},"end":{"line":145,"column":7}},"type":"if","locations":[{"start":{"line":143,"column":6},"end":{"line":145,"column":7}}]},"9":{"loc":{"start":{"line":143,"column":10},"end":{"line":143,"column":45}},"type":"binary-expr","locations":[{"start":{"line":143,"column":10},"end":{"line":143,"column":35}},{"start":{"line":143,"column":39},"end":{"line":143,"column":45}}]},"10":{"loc":{"start":{"line":163,"column":6},"end":{"line":201,"column":7}},"type":"if","locations":[{"start":{"line":163,"column":6},"end":{"line":201,"column":7}},{"start":{"line":191,"column":13},"end":{"line":201,"column":7}}]},"11":{"loc":{"start":{"line":173,"column":8},"end":{"line":175,"column":9}},"type":"if","locations":[{"start":{"line":173,"column":8},"end":{"line":175,"column":9}}]},"12":{"loc":{"start":{"line":219,"column":6},"end":{"line":221,"column":7}},"type":"if","locations":[{"start":{"line":219,"column":6},"end":{"line":221,"column":7}}]},"13":{"loc":{"start":{"line":247,"column":6},"end":{"line":249,"column":7}},"type":"if","locations":[{"start":{"line":247,"column":6},"end":{"line":249,"column":7}}]},"14":{"loc":{"start":{"line":253,"column":6},"end":{"line":255,"column":7}},"type":"if","locations":[{"start":{"line":253,"column":6},"end":{"line":255,"column":7}}]},"15":{"loc":{"start":{"line":262,"column":8},"end":{"line":264,"column":9}},"type":"if","locations":[{"start":{"line":262,"column":8},"end":{"line":264,"column":9}}]},"16":{"loc":{"start":{"line":272,"column":8},"end":{"line":274,"column":9}},"type":"if","locations":[{"start":{"line":272,"column":8},"end":{"line":274,"column":9}}]},"17":{"loc":{"start":{"line":298,"column":6},"end":{"line":300,"column":7}},"type":"if","locations":[{"start":{"line":298,"column":6},"end":{"line":300,"column":7}}]},"18":{"loc":{"start":{"line":308,"column":6},"end":{"line":310,"column":7}},"type":"if","locations":[{"start":{"line":308,"column":6},"end":{"line":310,"column":7}}]}},"s":{"0":3,"1":3,"2":3,"3":3,"4":3,"5":3,"6":3,"7":3,"8":3,"9":3,"10":3,"11":3,"12":2,"13":2,"14":2,"15":2,"16":2,"17":0,"18":2,"19":0,"20":3,"21":2,"22":2,"23":2,"24":1,"25":1,"26":1,"27":1,"28":3,"29":3,"30":3,"31":3,"32":3,"33":1,"34":2,"35":2,"36":1,"37":1,"38":2,"39":2,"40":1,"41":3,"42":4,"43":4,"44":4,"45":1,"46":3,"47":1,"48":2,"49":2,"50":2,"51":2,"52":1,"53":2,"54":2,"55":2,"56":1,"57":1,"58":1,"59":1,"60":0,"61":1,"62":1,"63":1,"64":1,"65":1,"66":1,"67":2,"68":3,"69":0,"70":0,"71":0,"72":0,"73":0,"74":0,"75":0,"76":0,"77":3,"78":1,"79":1,"80":0,"81":1,"82":1,"83":0,"84":1,"85":1,"86":1,"87":1,"88":0,"89":1,"90":1,"91":1,"92":1,"93":0,"94":1,"95":0,"96":3,"97":2,"98":2,"99":0,"100":2,"101":2,"102":2,"103":0,"104":2,"105":0,"106":3},"f":{"0":2,"1":2,"2":3,"3":4,"4":0,"5":1,"6":2},"b":{"0":[1],"1":[2,1],"2":[1],"3":[3,2],"4":[1],"5":[2,1],"6":[1],"7":[4,3],"8":[1],"9":[3,2],"10":[1,1],"11":[0],"12":[0],"13":[0],"14":[0],"15":[0],"16":[1],"17":[0],"18":[0]}}
,"/Users/doug/PERSONAL/DEMITASTES/dev/vawt-website-claude/server/src/routes/brackets.ts": {"path":"/Users/doug/PERSONAL/DEMITASTES/dev/vawt-website-claude/server/src/routes/brackets.ts","statementMap":{"0":{"start":{"line":1,"column":0},"end":{"line":1,"column":52}},"1":{"start":{"line":3,"column":15},"end":{"line":3,"column":23}},"2":{"start":{"line":16,"column":0},"end":{"line":21,"column":3}},"3":{"start":{"line":17,"column":2},"end":{"line":20,"column":5}},"4":{"start":{"line":23,"column":0},"end":{"line":23,"column":22}}},"fnMap":{"0":{"name":"(anonymous_0)","decl":{"start":{"line":16,"column":16},"end":{"line":16,"column":17}},"loc":{"start":{"line":16,"column":49},"end":{"line":21,"column":1}}}},"branchMap":{},"s":{"0":3,"1":3,"2":3,"3":0,"4":3},"f":{"0":0},"b":{}}
,"/Users/doug/PERSONAL/DEMITASTES/dev/vawt-website-claude/server/src/routes/distilleries.ts": {"path":"/Users/doug/PERSONAL/DEMITASTES/dev/vawt-website-claude/server/src/routes/distilleries.ts","statementMap":{"0":{"start":{"line":1,"column":0},"end":{"line":1,"column":66}},"1":{"start":{"line":2,"column":0},"end":{"line":2,"column":64}},"2":{"start":{"line":4,"column":15},"end":{"line":4,"column":23}},"3":{"start":{"line":12,"column":4},"end":{"line":12,"column":19}},"4":{"start":{"line":8,"column":11},"end":{"line":8,"column":29}},"5":{"start":{"line":9,"column":11},"end":{"line":9,"column":23}},"6":{"start":{"line":13,"column":4},"end":{"line":13,"column":27}},"7":{"start":{"line":21,"column":0},"end":{"line":31,"column":3}},"8":{"start":{"line":22,"column":2},"end":{"line":30,"column":3}},"9":{"start":{"line":23,"column":25},"end":{"line":23,"column":42}},"10":{"start":{"line":24,"column":4},"end":{"line":27,"column":7}},"11":{"start":{"line":29,"column":4},"end":{"line":29,"column":16}},"12":{"start":{"line":37,"column":0},"end":{"line":51,"column":3}},"13":{"start":{"line":38,"column":2},"end":{"line":50,"column":3}},"14":{"start":{"line":39,"column":23},"end":{"line":39,"column":51}},"15":{"start":{"line":40,"column":4},"end":{"line":46,"column":5}},"16":{"start":{"line":41,"column":6},"end":{"line":45,"column":8}},"17":{"start":{"line":47,"column":4},"end":{"line":47,"column":25}},"18":{"start":{"line":49,"column":4},"end":{"line":49,"column":16}},"19":{"start":{"line":53,"column":0},"end":{"line":53,"column":22}}},"fnMap":{"0":{"name":"(anonymous_0)","decl":{"start":{"line":7,"column":2},"end":{"line":7,"column":null}},"loc":{"start":{"line":10,"column":19},"end":{"line":14,"column":3}}},"1":{"name":"(anonymous_1)","decl":{"start":{"line":21,"column":16},"end":{"line":21,"column":17}},"loc":{"start":{"line":21,"column":69},"end":{"line":31,"column":1}}},"2":{"name":"(anonymous_2)","decl":{"start":{"line":37,"column":19},"end":{"line":37,"column":20}},"loc":{"start":{"line":37,"column":71},"end":{"line":51,"column":1}}}},"branchMap":{"0":{"loc":{"start":{"line":40,"column":4},"end":{"line":46,"column":5}},"type":"if","locations":[{"start":{"line":40,"column":4},"end":{"line":46,"column":5}}]}},"s":{"0":3,"1":3,"2":3,"3":0,"4":0,"5":0,"6":0,"7":3,"8":0,"9":0,"10":0,"11":0,"12":3,"13":0,"14":0,"15":0,"16":0,"17":0,"18":0,"19":3},"f":{"0":0,"1":0,"2":0},"b":{"0":[0]}}
,"/Users/doug/PERSONAL/DEMITASTES/dev/vawt-website-claude/server/src/routes/health.ts": {"path":"/Users/doug/PERSONAL/DEMITASTES/dev/vawt-website-claude/server/src/routes/health.ts","statementMap":{"0":{"start":{"line":1,"column":0},"end":{"line":1,"column":52}},"1":{"start":{"line":3,"column":15},"end":{"line":3,"column":23}},"2":{"start":{"line":11,"column":0},"end":{"line":16,"column":3}},"3":{"start":{"line":12,"column":2},"end":{"line":15,"column":5}},"4":{"start":{"line":18,"column":0},"end":{"line":18,"column":22}}},"fnMap":{"0":{"name":"(anonymous_0)","decl":{"start":{"line":11,"column":16},"end":{"line":11,"column":17}},"loc":{"start":{"line":11,"column":49},"end":{"line":16,"column":1}}}},"branchMap":{},"s":{"0":3,"1":3,"2":3,"3":4,"4":3},"f":{"0":4},"b":{}}
,"/Users/doug/PERSONAL/DEMITASTES/dev/vawt-website-claude/server/src/routes/index.ts": {"path":"/Users/doug/PERSONAL/DEMITASTES/dev/vawt-website-claude/server/src/routes/index.ts","statementMap":{"0":{"start":{"line":1,"column":0},"end":{"line":1,"column":33}},"1":{"start":{"line":2,"column":0},"end":{"line":2,"column":36}},"2":{"start":{"line":3,"column":0},"end":{"line":3,"column":46}},"3":{"start":{"line":4,"column":0},"end":{"line":4,"column":48}},"4":{"start":{"line":5,"column":0},"end":{"line":5,"column":32}},"5":{"start":{"line":6,"column":0},"end":{"line":6,"column":34}},"6":{"start":{"line":7,"column":0},"end":{"line":7,"column":40}},"7":{"start":{"line":8,"column":0},"end":{"line":8,"column":34}},"8":{"start":{"line":9,"column":0},"end":{"line":9,"column":34}},"9":{"start":{"line":11,"column":15},"end":{"line":11,"column":23}},"10":{"start":{"line":27,"column":0},"end":{"line":27,"column":36}},"11":{"start":{"line":28,"column":0},"end":{"line":28,"column":46}},"12":{"start":{"line":29,"column":0},"end":{"line":29,"column":48}},"13":{"start":{"line":30,"column":0},"end":{"line":30,"column":32}},"14":{"start":{"line":31,"column":0},"end":{"line":31,"column":34}},"15":{"start":{"line":32,"column":0},"end":{"line":32,"column":40}},"16":{"start":{"line":33,"column":0},"end":{"line":33,"column":34}},"17":{"start":{"line":34,"column":0},"end":{"line":34,"column":34}},"18":{"start":{"line":36,"column":0},"end":{"line":36,"column":22}}},"fnMap":{},"branchMap":{},"s":{"0":3,"1":3,"2":3,"3":3,"4":3,"5":3,"6":3,"7":3,"8":3,"9":3,"10":3,"11":3,"12":3,"13":3,"14":3,"15":3,"16":3,"17":3,"18":3},"f":{},"b":{}}
,"/Users/doug/PERSONAL/DEMITASTES/dev/vawt-website-claude/server/src/routes/tournaments.ts": {"path":"/Users/doug/PERSONAL/DEMITASTES/dev/vawt-website-claude/server/src/routes/tournaments.ts","statementMap":{"0":{"start":{"line":1,"column":0},"end":{"line":1,"column":66}},"1":{"start":{"line":2,"column":0},"end":{"line":2,"column":24}},"2":{"start":{"line":3,"column":0},"end":{"line":3,"column":null}},"3":{"start":{"line":7,"column":0},"end":{"line":7,"column":37}},"4":{"start":{"line":9,"column":15},"end":{"line":9,"column":23}},"5":{"start":{"line":17,"column":4},"end":{"line":17,"column":19}},"6":{"start":{"line":13,"column":11},"end":{"line":13,"column":29}},"7":{"start":{"line":14,"column":11},"end":{"line":14,"column":23}},"8":{"start":{"line":18,"column":4},"end":{"line":18,"column":27}},"9":{"start":{"line":30,"column":13},"end":{"line":30,"column":20}},"10":{"start":{"line":31,"column":15},"end":{"line":36,"column":4}},"11":{"start":{"line":38,"column":18},"end":{"line":38,"column":null}},"12":{"start":{"line":43,"column":41},"end":{"line":43,"column":43}},"13":{"start":{"line":44,"column":2},"end":{"line":46,"column":3}},"14":{"start":{"line":45,"column":4},"end":{"line":45,"column":42}},"15":{"start":{"line":48,"column":2},"end":{"line":48,"column":16}},"16":{"start":{"line":57,"column":0},"end":{"line":139,"column":2}},"17":{"start":{"line":60,"column":4},"end":{"line":137,"column":5}},"18":{"start":{"line":61,"column":25},"end":{"line":61,"column":59}},"19":{"start":{"line":62,"column":19},"end":{"line":62,"column":52}},"20":{"start":{"line":63,"column":25},"end":{"line":63,"column":35}},"21":{"start":{"line":65,"column":25},"end":{"line":65,"column":44}},"22":{"start":{"line":66,"column":6},"end":{"line":72,"column":7}},"23":{"start":{"line":67,"column":8},"end":{"line":71,"column":10}},"24":{"start":{"line":74,"column":17},"end":{"line":74,"column":21}},"25":{"start":{"line":75,"column":6},"end":{"line":81,"column":7}},"26":{"start":{"line":76,"column":22},"end":{"line":76,"column":67}},"27":{"start":{"line":76,"column":46},"end":{"line":76,"column":66}},"28":{"start":{"line":77,"column":8},"end":{"line":80,"column":9}},"29":{"start":{"line":78,"column":10},"end":{"line":78,"column":23}},"30":{"start":{"line":79,"column":10},"end":{"line":79,"column":16}},"31":{"start":{"line":83,"column":6},"end":{"line":85,"column":7}},"32":{"start":{"line":84,"column":8},"end":{"line":84,"column":73}},"33":{"start":{"line":88,"column":17},"end":{"line":88,"column":24}},"34":{"start":{"line":89,"column":24},"end":{"line":94,"column":8}},"35":{"start":{"line":96,"column":22},"end":{"line":96,"column":null}},"36":{"start":{"line":103,"column":65},"end":{"line":103,"column":67}},"37":{"start":{"line":104,"column":49},"end":{"line":104,"column":51}},"38":{"start":{"line":106,"column":6},"end":{"line":113,"column":7}},"39":{"start":{"line":107,"column":8},"end":{"line":109,"column":9}},"40":{"start":{"line":108,"column":10},"end":{"line":108,"column":45}},"41":{"start":{"line":110,"column":8},"end":{"line":110,"column":62}},"42":{"start":{"line":111,"column":8},"end":{"line":112,"column":59}},"43":{"start":{"line":116,"column":6},"end":{"line":122,"column":7}},"44":{"start":{"line":117,"column":8},"end":{"line":121,"column":9}},"45":{"start":{"line":120,"column":10},"end":{"line":120,"column":81}},"46":{"start":{"line":124,"column":6},"end":{"line":134,"column":9}},"47":{"start":{"line":136,"column":6},"end":{"line":136,"column":18}},"48":{"start":{"line":145,"column":0},"end":{"line":182,"column":2}},"49":{"start":{"line":148,"column":4},"end":{"line":180,"column":5}},"50":{"start":{"line":149,"column":25},"end":{"line":149,"column":59}},"51":{"start":{"line":150,"column":19},"end":{"line":150,"column":52}},"52":{"start":{"line":152,"column":25},"end":{"line":152,"column":44}},"53":{"start":{"line":153,"column":6},"end":{"line":159,"column":7}},"54":{"start":{"line":154,"column":8},"end":{"line":158,"column":10}},"55":{"start":{"line":162,"column":23},"end":{"line":162,"column":25}},"56":{"start":{"line":163,"column":6},"end":{"line":175,"column":7}},"57":{"start":{"line":164,"column":8},"end":{"line":174,"column":9}},"58":{"start":{"line":165,"column":26},"end":{"line":165,"column":65}},"59":{"start":{"line":166,"column":35},"end":{"line":169,"column":12}},"60":{"start":{"line":170,"column":10},"end":{"line":173,"column":13}},"61":{"start":{"line":177,"column":6},"end":{"line":177,"column":25}},"62":{"start":{"line":179,"column":6},"end":{"line":179,"column":18}},"63":{"start":{"line":190,"column":0},"end":{"line":239,"column":2}},"64":{"start":{"line":193,"column":4},"end":{"line":237,"column":5}},"65":{"start":{"line":194,"column":25},"end":{"line":194,"column":59}},"66":{"start":{"line":195,"column":19},"end":{"line":195,"column":52}},"67":{"start":{"line":197,"column":25},"end":{"line":197,"column":44}},"68":{"start":{"line":198,"column":6},"end":{"line":204,"column":7}},"69":{"start":{"line":199,"column":8},"end":{"line":203,"column":10}},"70":{"start":{"line":206,"column":18},"end":{"line":206,"column":28}},"71":{"start":{"line":207,"column":26},"end":{"line":207,"column":28}},"72":{"start":{"line":209,"column":6},"end":{"line":232,"column":7}},"73":{"start":{"line":210,"column":8},"end":{"line":231,"column":9}},"74":{"start":{"line":211,"column":25},"end":{"line":211,"column":54}},"75":{"start":{"line":214,"column":10},"end":{"line":218,"column":11}},"76":{"start":{"line":215,"column":26},"end":{"line":215,"column":63}},"77":{"start":{"line":216,"column":27},"end":{"line":216,"column":65}},"78":{"start":{"line":217,"column":12},"end":{"line":217,"column":53}},"79":{"start":{"line":220,"column":10},"end":{"line":230,"column":11}},"80":{"start":{"line":221,"column":28},"end":{"line":221,"column":67}},"81":{"start":{"line":222,"column":37},"end":{"line":225,"column":14}},"82":{"start":{"line":226,"column":12},"end":{"line":229,"column":15}},"83":{"start":{"line":234,"column":6},"end":{"line":234,"column":28}},"84":{"start":{"line":236,"column":6},"end":{"line":236,"column":18}},"85":{"start":{"line":245,"column":0},"end":{"line":259,"column":3}},"86":{"start":{"line":246,"column":2},"end":{"line":258,"column":3}},"87":{"start":{"line":247,"column":23},"end":{"line":247,"column":57}},"88":{"start":{"line":248,"column":17},"end":{"line":248,"column":50}},"89":{"start":{"line":250,"column":23},"end":{"line":250,"column":42}},"90":{"start":{"line":251,"column":4},"end":{"line":253,"column":5}},"91":{"start":{"line":252,"column":6},"end":{"line":252,"column":80}},"92":{"start":{"line":255,"column":4},"end":{"line":255,"column":25}},"93":{"start":{"line":257,"column":4},"end":{"line":257,"column":16}},"94":{"start":{"line":265,"column":0},"end":{"line":277,"column":3}},"95":{"start":{"line":266,"column":2},"end":{"line":276,"column":3}},"96":{"start":{"line":267,"column":24},"end":{"line":267,"column":40}},"97":{"start":{"line":268,"column":17},"end":{"line":272,"column":7}},"98":{"start":{"line":268,"column":41},"end":{"line":272,"column":6}},"99":{"start":{"line":273,"column":4},"end":{"line":273,"column":19}},"100":{"start":{"line":275,"column":4},"end":{"line":275,"column":16}},"101":{"start":{"line":279,"column":0},"end":{"line":279,"column":22}}},"fnMap":{"0":{"name":"(anonymous_0)","decl":{"start":{"line":12,"column":2},"end":{"line":12,"column":null}},"loc":{"start":{"line":15,"column":19},"end":{"line":19,"column":3}}},"1":{"name":"getMergedVoteCounts","decl":{"start":{"line":26,"column":9},"end":{"line":26,"column":28}},"loc":{"start":{"line":28,"column":16},"end":{"line":49,"column":1}}},"2":{"name":"(anonymous_2)","decl":{"start":{"line":59,"column":2},"end":{"line":59,"column":3}},"loc":{"start":{"line":59,"column":54},"end":{"line":138,"column":3}}},"3":{"name":"(anonymous_3)","decl":{"start":{"line":76,"column":39},"end":{"line":76,"column":40}},"loc":{"start":{"line":76,"column":46},"end":{"line":76,"column":66}}},"4":{"name":"(anonymous_4)","decl":{"start":{"line":147,"column":2},"end":{"line":147,"column":3}},"loc":{"start":{"line":147,"column":54},"end":{"line":181,"column":3}}},"5":{"name":"(anonymous_5)","decl":{"start":{"line":192,"column":2},"end":{"line":192,"column":3}},"loc":{"start":{"line":192,"column":54},"end":{"line":238,"column":3}}},"6":{"name":"(anonymous_6)","decl":{"start":{"line":245,"column":21},"end":{"line":245,"column":22}},"loc":{"start":{"line":245,"column":73},"end":{"line":259,"column":1}}},"7":{"name":"(anonymous_7)","decl":{"start":{"line":265,"column":16},"end":{"line":265,"column":17}},"loc":{"start":{"line":265,"column":69},"end":{"line":277,"column":1}}},"8":{"name":"(anonymous_8)","decl":{"start":{"line":268,"column":33},"end":{"line":268,"column":34}},"loc":{"start":{"line":268,"column":41},"end":{"line":272,"column":6}}}},"branchMap":{"0":{"loc":{"start":{"line":66,"column":6},"end":{"line":72,"column":7}},"type":"if","locations":[{"start":{"line":66,"column":6},"end":{"line":72,"column":7}}]},"1":{"loc":{"start":{"line":77,"column":8},"end":{"line":80,"column":9}},"type":"if","locations":[{"start":{"line":77,"column":8},"end":{"line":80,"column":9}}]},"2":{"loc":{"start":{"line":83,"column":6},"end":{"line":85,"column":7}},"type":"if","locations":[{"start":{"line":83,"column":6},"end":{"line":85,"column":7}}]},"3":{"loc":{"start":{"line":107,"column":8},"end":{"line":109,"column":9}},"type":"if","locations":[{"start":{"line":107,"column":8},"end":{"line":109,"column":9}}]},"4":{"loc":{"start":{"line":112,"column":11},"end":{"line":112,"column":45}},"type":"binary-expr","locations":[{"start":{"line":112,"column":11},"end":{"line":112,"column":40}},{"start":{"line":112,"column":44},"end":{"line":112,"column":45}}]},"5":{"loc":{"start":{"line":116,"column":6},"end":{"line":122,"column":7}},"type":"if","locations":[{"start":{"line":116,"column":6},"end":{"line":122,"column":7}}]},"6":{"loc":{"start":{"line":120,"column":38},"end":{"line":120,"column":67}},"type":"binary-expr","locations":[{"start":{"line":120,"column":38},"end":{"line":120,"column":62}},{"start":{"line":120,"column":66},"end":{"line":120,"column":67}}]},"7":{"loc":{"start":{"line":130,"column":16},"end":{"line":130,"column":35}},"type":"binary-expr","locations":[{"start":{"line":130,"column":16},"end":{"line":130,"column":27}},{"start":{"line":130,"column":31},"end":{"line":130,"column":35}}]},"8":{"loc":{"start":{"line":133,"column":15},"end":{"line":133,"column":33}},"type":"binary-expr","locations":[{"start":{"line":133,"column":15},"end":{"line":133,"column":25}},{"start":{"line":133,"column":29},"end":{"line":133,"column":33}}]},"9":{"loc":{"start":{"line":153,"column":6},"end":{"line":159,"column":7}},"type":"if","locations":[{"start":{"line":153,"column":6},"end":{"line":159,"column":7}}]},"10":{"loc":{"start":{"line":198,"column":6},"end":{"line":204,"column":7}},"type":"if","locations":[{"start":{"line":198,"column":6},"end":{"line":204,"column":7}}]},"11":{"loc":{"start":{"line":214,"column":10},"end":{"line":218,"column":11}},"type":"if","locations":[{"start":{"line":214,"column":10},"end":{"line":218,"column":11}}]},"12":{"loc":{"start":{"line":214,"column":14},"end":{"line":214,"column":86}},"type":"binary-expr","locations":[{"start":{"line":214,"column":14},"end":{"line":214,"column":23}},{"start":{"line":214,"column":27},"end":{"line":214,"column":54}},{"start":{"line":214,"column":58},"end":{"line":214,"column":86}}]},"13":{"loc":{"start":{"line":217,"column":23},"end":{"line":217,"column":52}},"type":"binary-expr","locations":[{"start":{"line":217,"column":23},"end":{"line":217,"column":35}},{"start":{"line":217,"column":39},"end":{"line":217,"column":52}}]},"14":{"loc":{"start":{"line":220,"column":10},"end":{"line":230,"column":11}},"type":"if","locations":[{"start":{"line":220,"column":10},"end":{"line":230,"column":11}}]},"15":{"loc":{"start":{"line":251,"column":4},"end":{"line":253,"column":5}},"type":"if","locations":[{"start":{"line":251,"column":4},"end":{"line":253,"column":5}}]}},"s":{"0":3,"1":3,"2":3,"3":3,"4":3,"5":0,"6":0,"7":0,"8":0,"9":0,"10":0,"11":0,"12":0,"13":0,"14":0,"15":0,"16":3,"17":0,"18":0,"19":0,"20":0,"21":0,"22":0,"23":0,"24":0,"25":0,"26":0,"27":0,"28":0,"29":0,"30":0,"31":0,"32":0,"33":0,"34":0,"35":0,"36":0,"37":0,"38":0,"39":0,"40":0,"41":0,"42":0,"43":0,"44":0,"45":0,"46":0,"47":0,"48":3,"49":0,"50":0,"51":0,"52":0,"53":0,"54":0,"55":0,"56":0,"57":0,"58":0,"59":0,"60":0,"61":0,"62":0,"63":3,"64":0,"65":0,"66":0,"67":0,"68":0,"69":0,"70":0,"71":0,"72":0,"73":0,"74":0,"75":0,"76":0,"77":0,"78":0,"79":0,"80":0,"81":0,"82":0,"83":0,"84":0,"85":3,"86":0,"87":0,"88":0,"89":0,"90":0,"91":0,"92":0,"93":0,"94":3,"95":0,"96":0,"97":0,"98":0,"99":0,"100":0,"101":3},"f":{"0":0,"1":0,"2":0,"3":0,"4":0,"5":0,"6":0,"7":0,"8":0},"b":{"0":[0],"1":[0],"2":[0],"3":[0],"4":[0,0],"5":[0],"6":[0,0],"7":[0,0],"8":[0,0],"9":[0],"10":[0],"11":[0],"12":[0,0,0],"13":[0,0],"14":[0],"15":[0]}}
,"/Users/doug/PERSONAL/DEMITASTES/dev/vawt-website-claude/server/src/routes/users.ts": {"path":"/Users/doug/PERSONAL/DEMITASTES/dev/vawt-website-claude/server/src/routes/users.ts","statementMap":{"0":{"start":{"line":1,"column":0},"end":{"line":1,"column":52}},"1":{"start":{"line":3,"column":15},"end":{"line":3,"column":23}},"2":{"start":{"line":13,"column":0},"end":{"line":18,"column":3}},"3":{"start":{"line":14,"column":2},"end":{"line":17,"column":5}},"4":{"start":{"line":20,"column":0},"end":{"line":20,"column":22}}},"fnMap":{"0":{"name":"(anonymous_0)","decl":{"start":{"line":13,"column":16},"end":{"line":13,"column":17}},"loc":{"start":{"line":13,"column":49},"end":{"line":18,"column":1}}}},"branchMap":{},"s":{"0":3,"1":3,"2":3,"3":0,"4":3},"f":{"0":0},"b":{}}
,"/Users/doug/PERSONAL/DEMITASTES/dev/vawt-website-claude/server/src/routes/votes.ts": {"path":"/Users/doug/PERSONAL/DEMITASTES/dev/vawt-website-claude/server/src/routes/votes.ts","statementMap":{"0":{"start":{"line":1,"column":0},"end":{"line":1,"column":52}},"1":{"start":{"line":3,"column":15},"end":{"line":3,"column":23}},"2":{"start":{"line":14,"column":0},"end":{"line":19,"column":3}},"3":{"start":{"line":15,"column":2},"end":{"line":18,"column":5}},"4":{"start":{"line":21,"column":0},"end":{"line":21,"column":22}}},"fnMap":{"0":{"name":"(anonymous_0)","decl":{"start":{"line":14,"column":16},"end":{"line":14,"column":17}},"loc":{"start":{"line":14,"column":49},"end":{"line":19,"column":1}}}},"branchMap":{},"s":{"0":3,"1":3,"2":3,"3":0,"4":3},"f":{"0":0},"b":{}}
,"/Users/doug/PERSONAL/DEMITASTES/dev/vawt-website-claude/server/src/services/authService.ts": {"path":"/Users/doug/PERSONAL/DEMITASTES/dev/vawt-website-claude/server/src/services/authService.ts","statementMap":{"0":{"start":{"line":13,"column":0},"end":{"line":13,"column":7}},"1":{"start":{"line":44,"column":0},"end":{"line":44,"column":16}},"2":{"start":{"line":64,"column":0},"end":{"line":64,"column":16}},"3":{"start":{"line":1,"column":0},"end":{"line":1,"column":31}},"4":{"start":{"line":2,"column":0},"end":{"line":2,"column":37}},"5":{"start":{"line":3,"column":0},"end":{"line":3,"column":31}},"6":{"start":{"line":4,"column":0},"end":{"line":4,"column":41}},"7":{"start":{"line":14,"column":13},"end":{"line":14,"column":20}},"8":{"start":{"line":15,"column":20},"end":{"line":15,"column":28}},"9":{"start":{"line":16,"column":14},"end":{"line":16,"column":38}},"10":{"start":{"line":19,"column":2},"end":{"line":21,"column":37}},"11":{"start":{"line":24,"column":17},"end":{"line":24,"column":60}},"12":{"start":{"line":25,"column":16},"end":{"line":32,"column":17}},"13":{"start":{"line":34,"column":2},"end":{"line":34,"column":15}},"14":{"start":{"line":45,"column":13},"end":{"line":45,"column":20}},"15":{"start":{"line":47,"column":18},"end":{"line":49,"column":84}},"16":{"start":{"line":51,"column":2},"end":{"line":53,"column":3}},"17":{"start":{"line":52,"column":4},"end":{"line":52,"column":17}},"18":{"start":{"line":56,"column":2},"end":{"line":56,"column":37}},"19":{"start":{"line":65,"column":13},"end":{"line":65,"column":20}},"20":{"start":{"line":66,"column":14},"end":{"line":66,"column":38}},"21":{"start":{"line":68,"column":2},"end":{"line":68,"column":84}}},"fnMap":{"0":{"name":"createSession","decl":{"start":{"line":13,"column":22},"end":{"line":13,"column":35}},"loc":{"start":{"line":13,"column":50},"end":{"line":35,"column":1}}},"1":{"name":"verifySession","decl":{"start":{"line":44,"column":16},"end":{"line":44,"column":29}},"loc":{"start":{"line":44,"column":63},"end":{"line":57,"column":1}}},"2":{"name":"revokeSession","decl":{"start":{"line":64,"column":16},"end":{"line":64,"column":29}},"loc":{"start":{"line":64,"column":47},"end":{"line":69,"column":1}}}},"branchMap":{"0":{"loc":{"start":{"line":51,"column":2},"end":{"line":53,"column":3}},"type":"if","locations":[{"start":{"line":51,"column":2},"end":{"line":53,"column":3}}]}},"s":{"0":4,"1":4,"2":4,"3":4,"4":4,"5":4,"6":4,"7":2,"8":2,"9":2,"10":2,"11":2,"12":2,"13":2,"14":0,"15":0,"16":0,"17":0,"18":0,"19":1,"20":1,"21":1},"f":{"0":2,"1":0,"2":1},"b":{"0":[0]}}
,"/Users/doug/PERSONAL/DEMITASTES/dev/vawt-website-claude/server/src/services/discordOAuthService.ts": {"path":"/Users/doug/PERSONAL/DEMITASTES/dev/vawt-website-claude/server/src/services/discordOAuthService.ts","statementMap":{"0":{"start":{"line":39,"column":0},"end":{"line":39,"column":16}},"1":{"start":{"line":66,"column":0},"end":{"line":66,"column":7}},"2":{"start":{"line":112,"column":0},"end":{"line":112,"column":7}},"3":{"start":{"line":141,"column":0},"end":{"line":141,"column":16}},"4":{"start":{"line":191,"column":0},"end":{"line":191,"column":16}},"5":{"start":{"line":1,"column":0},"end":{"line":1,"column":37}},"6":{"start":{"line":2,"column":0},"end":{"line":2,"column":31}},"7":{"start":{"line":3,"column":0},"end":{"line":3,"column":46}},"8":{"start":{"line":4,"column":0},"end":{"line":4,"column":54}},"9":{"start":{"line":40,"column":2},"end":{"line":42,"column":3}},"10":{"start":{"line":41,"column":4},"end":{"line":41,"column":86}},"11":{"start":{"line":44,"column":25},"end":{"line":44,"column":49}},"12":{"start":{"line":46,"column":17},"end":{"line":52,"column":4}},"13":{"start":{"line":54,"column":14},"end":{"line":54,"column":77}},"14":{"start":{"line":56,"column":2},"end":{"line":56,"column":40}},"15":{"start":{"line":67,"column":2},"end":{"line":69,"column":3}},"16":{"start":{"line":68,"column":4},"end":{"line":68,"column":86}},"17":{"start":{"line":71,"column":17},"end":{"line":77,"column":4}},"18":{"start":{"line":79,"column":2},"end":{"line":102,"column":3}},"19":{"start":{"line":80,"column":21},"end":{"line":86,"column":6}},"20":{"start":{"line":88,"column":4},"end":{"line":93,"column":5}},"21":{"start":{"line":89,"column":20},"end":{"line":89,"column":41}},"22":{"start":{"line":90,"column":6},"end":{"line":92,"column":9}},"23":{"start":{"line":95,"column":18},"end":{"line":95,"column":39}},"24":{"start":{"line":96,"column":4},"end":{"line":96,"column":29}},"25":{"start":{"line":98,"column":4},"end":{"line":100,"column":5}},"26":{"start":{"line":99,"column":6},"end":{"line":99,"column":18}},"27":{"start":{"line":101,"column":4},"end":{"line":101,"column":89}},"28":{"start":{"line":113,"column":2},"end":{"line":131,"column":3}},"29":{"start":{"line":114,"column":21},"end":{"line":118,"column":6}},"30":{"start":{"line":120,"column":4},"end":{"line":122,"column":5}},"31":{"start":{"line":121,"column":6},"end":{"line":121,"column":94}},"32":{"start":{"line":124,"column":18},"end":{"line":124,"column":39}},"33":{"start":{"line":125,"column":4},"end":{"line":125,"column":16}},"34":{"start":{"line":127,"column":4},"end":{"line":129,"column":5}},"35":{"start":{"line":128,"column":6},"end":{"line":128,"column":18}},"36":{"start":{"line":130,"column":4},"end":{"line":130,"column":88}},"37":{"start":{"line":142,"column":13},"end":{"line":142,"column":20}},"38":{"start":{"line":143,"column":14},"end":{"line":143,"column":38}},"39":{"start":{"line":146,"column":13},"end":{"line":148,"column":44}},"40":{"start":{"line":150,"column":2},"end":{"line":177,"column":3}},"41":{"start":{"line":152,"column":4},"end":{"line":156,"column":6}},"42":{"start":{"line":159,"column":4},"end":{"line":159,"column":91}},"43":{"start":{"line":160,"column":4},"end":{"line":162,"column":5}},"44":{"start":{"line":161,"column":6},"end":{"line":161,"column":77}},"45":{"start":{"line":165,"column":4},"end":{"line":168,"column":85}},"46":{"start":{"line":170,"column":4},"end":{"line":172,"column":47}},"47":{"start":{"line":174,"column":4},"end":{"line":176,"column":5}},"48":{"start":{"line":175,"column":6},"end":{"line":175,"column":77}},"49":{"start":{"line":179,"column":2},"end":{"line":179,"column":14}},"50":{"start":{"line":196,"column":13},"end":{"line":196,"column":20}},"51":{"start":{"line":197,"column":14},"end":{"line":197,"column":38}},"52":{"start":{"line":200,"column":19},"end":{"line":202,"column":57}},"53":{"start":{"line":204,"column":2},"end":{"line":210,"column":3}},"54":{"start":{"line":205,"column":4},"end":{"line":209,"column":6}},"55":{"start":{"line":213,"column":2},"end":{"line":215,"column":49}}},"fnMap":{"0":{"name":"generateAuthUrl","decl":{"start":{"line":39,"column":16},"end":{"line":39,"column":31}},"loc":{"start":{"line":39,"column":46},"end":{"line":57,"column":1}}},"1":{"name":"exchangeCode","decl":{"start":{"line":66,"column":22},"end":{"line":66,"column":34}},"loc":{"start":{"line":66,"column":47},"end":{"line":103,"column":1}}},"2":{"name":"fetchDiscordUser","decl":{"start":{"line":112,"column":22},"end":{"line":112,"column":38}},"loc":{"start":{"line":112,"column":58},"end":{"line":132,"column":1}}},"3":{"name":"upsertUser","decl":{"start":{"line":141,"column":16},"end":{"line":141,"column":26}},"loc":{"start":{"line":141,"column":51},"end":{"line":180,"column":1}}},"4":{"name":"linkDiscordToEmail","decl":{"start":{"line":191,"column":16},"end":{"line":191,"column":34}},"loc":{"start":{"line":194,"column":25},"end":{"line":216,"column":1}}}},"branchMap":{"0":{"loc":{"start":{"line":40,"column":2},"end":{"line":42,"column":3}},"type":"if","locations":[{"start":{"line":40,"column":2},"end":{"line":42,"column":3}}]},"1":{"loc":{"start":{"line":44,"column":25},"end":{"line":44,"column":49}},"type":"binary-expr","locations":[{"start":{"line":44,"column":25},"end":{"line":44,"column":30}},{"start":{"line":44,"column":34},"end":{"line":44,"column":49}}]},"2":{"loc":{"start":{"line":48,"column":18},"end":{"line":48,"column":51}},"type":"binary-expr","locations":[{"start":{"line":48,"column":18},"end":{"line":48,"column":45}},{"start":{"line":48,"column":49},"end":{"line":48,"column":51}}]},"3":{"loc":{"start":{"line":67,"column":2},"end":{"line":69,"column":3}},"type":"if","locations":[{"start":{"line":67,"column":2},"end":{"line":69,"column":3}}]},"4":{"loc":{"start":{"line":67,"column":6},"end":{"line":67,"column":64}},"type":"binary-expr","locations":[{"start":{"line":67,"column":6},"end":{"line":67,"column":31}},{"start":{"line":67,"column":35},"end":{"line":67,"column":64}}]},"5":{"loc":{"start":{"line":76,"column":18},"end":{"line":76,"column":51}},"type":"binary-expr","locations":[{"start":{"line":76,"column":18},"end":{"line":76,"column":45}},{"start":{"line":76,"column":49},"end":{"line":76,"column":51}}]},"6":{"loc":{"start":{"line":88,"column":4},"end":{"line":93,"column":5}},"type":"if","locations":[{"start":{"line":88,"column":4},"end":{"line":93,"column":5}}]},"7":{"loc":{"start":{"line":98,"column":4},"end":{"line":100,"column":5}},"type":"if","locations":[{"start":{"line":98,"column":4},"end":{"line":100,"column":5}}]},"8":{"loc":{"start":{"line":120,"column":4},"end":{"line":122,"column":5}},"type":"if","locations":[{"start":{"line":120,"column":4},"end":{"line":122,"column":5}}]},"9":{"loc":{"start":{"line":127,"column":4},"end":{"line":129,"column":5}},"type":"if","locations":[{"start":{"line":127,"column":4},"end":{"line":129,"column":5}}]},"10":{"loc":{"start":{"line":150,"column":2},"end":{"line":177,"column":3}},"type":"if","locations":[{"start":{"line":150,"column":2},"end":{"line":177,"column":3}},{"start":{"line":163,"column":9},"end":{"line":177,"column":3}}]},"11":{"loc":{"start":{"line":160,"column":4},"end":{"line":162,"column":5}},"type":"if","locations":[{"start":{"line":160,"column":4},"end":{"line":162,"column":5}}]},"12":{"loc":{"start":{"line":168,"column":10},"end":{"line":168,"column":35}},"type":"binary-expr","locations":[{"start":{"line":168,"column":10},"end":{"line":168,"column":27}},{"start":{"line":168,"column":31},"end":{"line":168,"column":35}}]},"13":{"loc":{"start":{"line":174,"column":4},"end":{"line":176,"column":5}},"type":"if","locations":[{"start":{"line":174,"column":4},"end":{"line":176,"column":5}}]},"14":{"loc":{"start":{"line":204,"column":2},"end":{"line":210,"column":3}},"type":"if","locations":[{"start":{"line":204,"column":2},"end":{"line":210,"column":3}}]}},"s":{"0":2,"1":2,"2":2,"3":2,"4":2,"5":2,"6":2,"7":2,"8":2,"9":0,"10":0,"11":0,"12":0,"13":0,"14":0,"15":0,"16":0,"17":0,"18":0,"19":0,"20":0,"21":0,"22":0,"23":0,"24":0,"25":0,"26":0,"27":0,"28":0,"29":0,"30":0,"31":0,"32":0,"33":0,"34":0,"35":0,"36":0,"37":0,"38":0,"39":0,"40":0,"41":0,"42":0,"43":0,"44":0,"45":0,"46":0,"47":0,"48":0,"49":0,"50":0,"51":0,"52":0,"53":0,"54":0,"55":0},"f":{"0":0,"1":0,"2":0,"3":0,"4":0},"b":{"0":[0],"1":[0,0],"2":[0,0],"3":[0],"4":[0,0],"5":[0,0],"6":[0],"7":[0],"8":[0],"9":[0],"10":[0,0],"11":[0],"12":[0,0],"13":[0],"14":[0]}}
,"/Users/doug/PERSONAL/DEMITASTES/dev/vawt-website-claude/server/src/services/magicLinkService.ts": {"path":"/Users/doug/PERSONAL/DEMITASTES/dev/vawt-website-claude/server/src/services/magicLinkService.ts","statementMap":{"0":{"start":{"line":25,"column":0},"end":{"line":25,"column":16}},"1":{"start":{"line":61,"column":0},"end":{"line":61,"column":7}},"2":{"start":{"line":117,"column":0},"end":{"line":117,"column":7}},"3":{"start":{"line":1,"column":0},"end":{"line":1,"column":37}},"4":{"start":{"line":2,"column":0},"end":{"line":2,"column":31}},"5":{"start":{"line":3,"column":0},"end":{"line":3,"column":54}},"6":{"start":{"line":4,"column":0},"end":{"line":4,"column":46}},"7":{"start":{"line":5,"column":0},"end":{"line":5,"column":54}},"8":{"start":{"line":26,"column":13},"end":{"line":26,"column":20}},"9":{"start":{"line":29,"column":19},"end":{"line":29,"column":34}},"10":{"start":{"line":32,"column":20},"end":{"line":32,"column":36}},"11":{"start":{"line":35,"column":20},"end":{"line":35,"column":101}},"12":{"start":{"line":36,"column":14},"end":{"line":36,"column":38}},"13":{"start":{"line":39,"column":2},"end":{"line":42,"column":42}},"14":{"start":{"line":44,"column":2},"end":{"line":44,"column":18}},"15":{"start":{"line":62,"column":13},"end":{"line":62,"column":20}},"16":{"start":{"line":65,"column":20},"end":{"line":65,"column":36}},"17":{"start":{"line":66,"column":14},"end":{"line":66,"column":38}},"18":{"start":{"line":69,"column":22},"end":{"line":74,"column":69}},"19":{"start":{"line":76,"column":2},"end":{"line":78,"column":3}},"20":{"start":{"line":77,"column":4},"end":{"line":77,"column":96}},"21":{"start":{"line":81,"column":2},"end":{"line":81,"column":95}},"22":{"start":{"line":84,"column":13},"end":{"line":86,"column":47}},"23":{"start":{"line":89,"column":2},"end":{"line":103,"column":3}},"24":{"start":{"line":90,"column":4},"end":{"line":94,"column":6}},"25":{"start":{"line":96,"column":4},"end":{"line":98,"column":50}},"26":{"start":{"line":100,"column":4},"end":{"line":102,"column":5}},"27":{"start":{"line":101,"column":6},"end":{"line":101,"column":77}},"28":{"start":{"line":106,"column":14},"end":{"line":106,"column":42}},"29":{"start":{"line":107,"column":2},"end":{"line":107,"column":13}},"30":{"start":{"line":118,"column":15},"end":{"line":118,"column":73}},"31":{"start":{"line":120,"column":2},"end":{"line":176,"column":3}},"32":{"start":{"line":122,"column":4},"end":{"line":140,"column":5}},"33":{"start":{"line":123,"column":25},"end":{"line":123,"column":47}},"34":{"start":{"line":124,"column":21},"end":{"line":124,"column":54}},"35":{"start":{"line":126,"column":6},"end":{"line":136,"column":9}},"36":{"start":{"line":138,"column":6},"end":{"line":138,"column":74}},"37":{"start":{"line":139,"column":6},"end":{"line":139,"column":86}},"38":{"start":{"line":143,"column":4},"end":{"line":175,"column":5}},"39":{"start":{"line":144,"column":25},"end":{"line":144,"column":51}},"40":{"start":{"line":147,"column":26},"end":{"line":147,"column":70}},"41":{"start":{"line":148,"column":26},"end":{"line":156,"column":8}},"42":{"start":{"line":158,"column":19},"end":{"line":168,"column":8}},"43":{"start":{"line":171,"column":6},"end":{"line":171,"column":101}},"44":{"start":{"line":173,"column":6},"end":{"line":173,"column":78}},"45":{"start":{"line":174,"column":6},"end":{"line":174,"column":86}}},"fnMap":{"0":{"name":"generateMagicLink","decl":{"start":{"line":25,"column":16},"end":{"line":25,"column":33}},"loc":{"start":{"line":25,"column":47},"end":{"line":45,"column":1}}},"1":{"name":"verifyMagicLink","decl":{"start":{"line":61,"column":22},"end":{"line":61,"column":37}},"loc":{"start":{"line":61,"column":54},"end":{"line":108,"column":1}}},"2":{"name":"sendMagicLinkEmail","decl":{"start":{"line":117,"column":22},"end":{"line":117,"column":40}},"loc":{"start":{"line":117,"column":69},"end":{"line":177,"column":1}}},"3":{"name":"(anonymous_13)","decl":{"start":{"line":123,"column":25},"end":{"line":123,"column":38}},"loc":{"start":{"line":123,"column":25},"end":{"line":123,"column":47}}},"4":{"name":"(anonymous_14)","decl":{"start":{"line":144,"column":25},"end":{"line":144,"column":38}},"loc":{"start":{"line":144,"column":25},"end":{"line":144,"column":51}}}},"branchMap":{"0":{"loc":{"start":{"line":76,"column":2},"end":{"line":78,"column":3}},"type":"if","locations":[{"start":{"line":76,"column":2},"end":{"line":78,"column":3}}]},"1":{"loc":{"start":{"line":89,"column":2},"end":{"line":103,"column":3}},"type":"if","locations":[{"start":{"line":89,"column":2},"end":{"line":103,"column":3}}]},"2":{"loc":{"start":{"line":100,"column":4},"end":{"line":102,"column":5}},"type":"if","locations":[{"start":{"line":100,"column":4},"end":{"line":102,"column":5}}]},"3":{"loc":{"start":{"line":120,"column":2},"end":{"line":176,"column":3}},"type":"if","locations":[{"start":{"line":120,"column":2},"end":{"line":176,"column":3}},{"start":{"line":141,"column":9},"end":{"line":176,"column":3}}]},"4":{"loc":{"start":{"line":120,"column":6},"end":{"line":120,"column":63}},"type":"binary-expr","locations":[{"start":{"line":120,"column":6},"end":{"line":120,"column":38}},{"start":{"line":120,"column":42},"end":{"line":120,"column":63}}]}},"s":{"0":2,"1":2,"2":2,"3":2,"4":2,"5":2,"6":2,"7":2,"8":0,"9":0,"10":0,"11":0,"12":0,"13":0,"14":0,"15":0,"16":0,"17":0,"18":0,"19":0,"20":0,"21":0,"22":0,"23":0,"24":0,"25":0,"26":0,"27":0,"28":0,"29":0,"30":0,"31":0,"32":0,"33":0,"34":0,"35":0,"36":0,"37":0,"38":0,"39":0,"40":0,"41":0,"42":0,"43":0,"44":0,"45":0},"f":{"0":0,"1":0,"2":0,"3":0,"4":0},"b":{"0":[0],"1":[0],"2":[0],"3":[0,0],"4":[0,0]}}
,"/Users/doug/PERSONAL/DEMITASTES/dev/vawt-website-claude/server/src/utils/crypto.ts": {"path":"/Users/doug/PERSONAL/DEMITASTES/dev/vawt-website-claude/server/src/utils/crypto.ts","statementMap":{"0":{"start":{"line":10,"column":0},"end":{"line":10,"column":16}},"1":{"start":{"line":17,"column":0},"end":{"line":17,"column":16}},"2":{"start":{"line":27,"column":0},"end":{"line":27,"column":16}},"3":{"start":{"line":39,"column":0},"end":{"line":39,"column":16}},"4":{"start":{"line":1,"column":0},"end":{"line":1,"column":28}},"5":{"start":{"line":2,"column":0},"end":{"line":2,"column":64}},"6":{"start":{"line":11,"column":2},"end":{"line":11,"column":56}},"7":{"start":{"line":18,"column":2},"end":{"line":18,"column":29}},"8":{"start":{"line":28,"column":2},"end":{"line":28,"column":64}},"9":{"start":{"line":40,"column":2},"end":{"line":42,"column":3}},"10":{"start":{"line":41,"column":4},"end":{"line":41,"column":17}},"11":{"start":{"line":44,"column":2},"end":{"line":50,"column":3}},"12":{"start":{"line":45,"column":20},"end":{"line":45,"column":42}},"13":{"start":{"line":46,"column":20},"end":{"line":46,"column":42}},"14":{"start":{"line":47,"column":4},"end":{"line":47,"column":49}},"15":{"start":{"line":49,"column":4},"end":{"line":49,"column":17}}},"fnMap":{"0":{"name":"randomBytes","decl":{"start":{"line":10,"column":16},"end":{"line":10,"column":27}},"loc":{"start":{"line":10,"column":45},"end":{"line":12,"column":1}}},"1":{"name":"uuidv4","decl":{"start":{"line":17,"column":16},"end":{"line":17,"column":22}},"loc":{"start":{"line":17,"column":22},"end":{"line":19,"column":1}}},"2":{"name":"sha256","decl":{"start":{"line":27,"column":16},"end":{"line":27,"column":22}},"loc":{"start":{"line":27,"column":35},"end":{"line":29,"column":1}}},"3":{"name":"timingSafeEqual","decl":{"start":{"line":39,"column":16},"end":{"line":39,"column":31}},"loc":{"start":{"line":39,"column":52},"end":{"line":51,"column":1}}}},"branchMap":{"0":{"loc":{"start":{"line":10,"column":28},"end":{"line":10,"column":45}},"type":"default-arg","locations":[{"start":{"line":10,"column":43},"end":{"line":10,"column":45}}]},"1":{"loc":{"start":{"line":40,"column":2},"end":{"line":42,"column":3}},"type":"if","locations":[{"start":{"line":40,"column":2},"end":{"line":42,"column":3}}]}},"s":{"0":5,"1":5,"2":5,"3":5,"4":5,"5":5,"6":5,"7":25,"8":6,"9":9,"10":4,"11":5,"12":5,"13":5,"14":5,"15":0},"f":{"0":5,"1":25,"2":6,"3":9},"b":{"0":[0],"1":[4]}}
}
