TN:
SF:src/app.ts
FN:8,(anonymous_1)
FN:23,createApp
FN:46,(anonymous_3)
FN:57,(anonymous_4)
FNF:4
FNH:3
FNDA:0,(anonymous_1)
FNDA:30,createApp
FNDA:8,(anonymous_3)
FNDA:8,(anonymous_4)
DA:1,3
DA:2,3
DA:3,3
DA:4,3
DA:5,3
DA:9,0
DA:10,0
DA:12,0
DA:14,0
DA:15,0
DA:23,3
DA:24,30
DA:29,30
DA:30,30
DA:36,30
DA:41,30
DA:46,30
DA:47,8
DA:56,30
DA:63,8
DA:65,8
DA:66,0
DA:71,0
DA:75,8
DA:82,30
DA:85,3
LF:26
LH:19
BRDA:65,0,0,0
BRDA:69,1,0,0
BRDA:69,1,1,0
BRDA:77,2,0,0
BRDA:77,2,1,8
BRF:5
BRH:1
end_of_record
TN:
SF:src/config.ts
FN:36,(anonymous_1)
FNF:1
FNH:0
FNDA:0,(anonymous_1)
DA:1,5
DA:2,5
DA:3,5
DA:6,5
DA:8,5
DA:31,5
DA:32,5
DA:34,0
DA:35,0
DA:36,0
DA:38,0
DA:39,0
DA:41,0
DA:44,5
LF:14
LH:8
BRDA:34,0,0,0
BRF:1
BRH:0
end_of_record
TN:
SF:src/data/loader.ts
FN:88,loadTournamentsSync
FN:94,(anonymous_2)
FN:105,(anonymous_3)
FN:117,loadDistilleriesSync
FN:138,setupFileWatchers
FN:142,(anonymous_6)
FN:150,(anonymous_7)
FN:166,(anonymous_8)
FN:184,getTournaments
FN:194,getDistilleries
FN:204,getDistillery
FN:205,(anonymous_12)
FN:211,getTournament
FN:212,(anonymous_14)
FN:219,forceReload
FN:231,initializeDataLoader
FN:241,cleanupDataLoader
FN:242,(anonymous_18)
FNF:18
FNH:0
FNDA:0,loadTournamentsSync
FNDA:0,(anonymous_2)
FNDA:0,(anonymous_3)
FNDA:0,loadDistilleriesSync
FNDA:0,setupFileWatchers
FNDA:0,(anonymous_6)
FNDA:0,(anonymous_7)
FNDA:0,(anonymous_8)
FNDA:0,getTournaments
FNDA:0,getDistilleries
FNDA:0,getDistillery
FNDA:0,(anonymous_12)
FNDA:0,getTournament
FNDA:0,(anonymous_14)
FNDA:0,forceReload
FNDA:0,initializeDataLoader
FNDA:0,cleanupDataLoader
FNDA:0,(anonymous_18)
DA:1,3
DA:2,3
DA:3,3
DA:4,3
DA:10,3
DA:32,3
DA:39,3
DA:41,3
DA:52,3
DA:60,3
DA:67,3
DA:80,3
DA:81,3
DA:82,3
DA:89,0
DA:90,0
DA:92,0
DA:93,0
DA:94,0
DA:96,0
DA:97,0
DA:98,0
DA:99,0
DA:100,0
DA:101,0
DA:105,0
DA:107,0
DA:108,0
DA:111,0
DA:118,0
DA:120,0
DA:121,0
DA:122,0
DA:123,0
DA:124,0
DA:126,0
DA:128,0
DA:139,0
DA:142,0
DA:143,0
DA:145,0
DA:147,0
DA:151,0
DA:156,0
DA:157,0
DA:163,0
DA:167,0
DA:168,0
DA:169,0
DA:174,0
DA:176,0
DA:184,3
DA:185,0
DA:186,0
DA:188,0
DA:194,3
DA:195,0
DA:196,0
DA:198,0
DA:204,3
DA:205,0
DA:211,3
DA:212,0
DA:219,3
DA:220,0
DA:221,0
DA:222,0
DA:224,0
DA:225,0
DA:231,3
DA:232,0
DA:233,0
DA:234,0
DA:235,0
DA:241,3
DA:242,0
DA:243,0
LF:77
LH:21
BRDA:151,0,0,0
BRDA:152,1,0,0
BRDA:152,1,1,0
BRDA:152,1,2,0
BRDA:167,2,0,0
BRDA:167,3,0,0
BRDA:167,3,1,0
BRDA:185,4,0,0
BRDA:195,5,0,0
BRF:9
BRH:0
end_of_record
TN:
SF:src/db/client.ts
FN:11,(anonymous_1)
FN:30,(anonymous_2)
FN:43,(anonymous_3)
FNF:3
FNH:0
FNDA:0,(anonymous_1)
FNDA:0,(anonymous_2)
FNDA:0,(anonymous_3)
DA:1,1
DA:2,1
DA:3,1
DA:5,1
DA:11,1
DA:12,0
DA:13,0
DA:16,0
DA:17,0
DA:20,0
DA:21,0
DA:23,0
DA:30,1
DA:31,0
DA:32,0
DA:36,0
DA:43,1
DA:44,0
DA:45,0
DA:46,0
LF:20
LH:7
BRDA:12,0,0,0
BRDA:31,1,0,0
BRDA:44,2,0,0
BRF:3
BRH:0
end_of_record
TN:
SF:src/db/migrate.ts
FN:10,(anonymous_1)
FN:31,(anonymous_2)
FN:43,(anonymous_3)
FNF:3
FNH:0
FNDA:0,(anonymous_1)
FNDA:0,(anonymous_2)
FNDA:0,(anonymous_3)
DA:1,0
DA:2,0
DA:3,0
DA:10,0
DA:11,0
DA:14,0
DA:22,0
DA:24,0
DA:25,0
DA:26,0
DA:29,0
DA:31,0
DA:34,0
DA:35,0
DA:36,0
DA:40,0
DA:43,0
DA:46,0
DA:47,0
DA:48,0
DA:49,0
DA:52,0
DA:53,0
DA:55,0
DA:57,0
DA:58,0
DA:59,0
DA:60,0
DA:62,0
DA:63,0
DA:67,0
LF:31
LH:0
BRDA:24,0,0,0
BRDA:34,1,0,0
BRDA:47,2,0,0
BRF:3
BRH:0
end_of_record
TN:
SF:src/middleware/auth.ts
FN:34,verifyJWT
FN:104,(anonymous_11)
FN:138,(anonymous_12)
FNF:3
FNH:3
FNDA:11,verifyJWT
FNDA:11,(anonymous_11)
FNDA:7,(anonymous_12)
DA:2,4
DA:3,4
DA:4,4
DA:5,4
DA:35,11
DA:36,11
DA:37,11
DA:39,9
DA:40,9
DA:42,9
DA:43,0
DA:47,9
DA:48,9
DA:52,9
DA:53,0
DA:56,9
DA:57,2
DA:61,7
DA:62,7
DA:63,0
DA:66,7
DA:67,7
DA:68,0
DA:71,7
DA:75,7
DA:76,0
DA:79,7
DA:81,4
DA:82,2
DA:85,2
DA:86,0
DA:89,2
DA:90,0
DA:93,2
DA:104,4
DA:109,11
DA:110,11
DA:112,11
DA:113,4
DA:120,7
DA:122,7
DA:123,5
DA:125,5
DA:127,6
DA:138,4
DA:143,7
DA:144,7
DA:146,7
DA:148,3
DA:149,3
DA:152,4
DA:154,4
DA:155,2
DA:157,2
DA:160,2
DA:161,2
DA:162,2
DA:164,0
LF:58
LH:50
BRDA:42,0,0,0
BRDA:52,1,0,0
BRDA:56,2,0,2
BRDA:62,3,0,0
BRDA:67,4,0,0
BRDA:75,5,0,0
BRDA:81,6,0,2
BRDA:85,7,0,0
BRDA:89,8,0,0
BRDA:112,9,0,4
BRDA:112,10,0,11
BRDA:112,10,1,8
BRDA:146,11,0,3
BRDA:146,12,0,7
BRDA:146,12,1,4
BRDA:160,13,0,2
BRDA:160,14,0,2
BRDA:160,14,1,2
BRF:18
BRH:11
end_of_record
TN:
SF:src/middleware/errorHandler.ts
FN:7,(anonymous_0)
FN:26,(anonymous_1)
FNF:2
FNH:1
FNDA:19,(anonymous_0)
FNDA:0,(anonymous_1)
DA:6,5
DA:8,19
DA:9,19
DA:11,19
DA:13,19
DA:14,19
DA:15,19
DA:26,5
DA:33,0
DA:41,0
DA:42,0
DA:43,0
DA:46,0
DA:47,0
DA:48,0
DA:49,0
DA:50,0
DA:53,0
DA:60,0
DA:61,0
DA:68,0
DA:69,0
DA:72,0
LF:23
LH:8
BRDA:36,0,0,0
BRDA:36,0,1,0
BRDA:37,1,0,0
BRDA:37,1,1,0
BRDA:38,2,0,0
BRDA:38,2,1,0
BRDA:46,3,0,0
BRDA:60,4,0,0
BRDA:68,5,0,0
BRF:9
BRH:0
end_of_record
TN:
SF:src/middleware/index.ts
FN:11,(anonymous_0)
FN:11,(anonymous_1)
FN:12,(anonymous_2)
FN:12,(anonymous_3)
FN:13,(anonymous_4)
FN:14,(anonymous_5)
FNF:6
FNH:0
FNDA:0,(anonymous_0)
FNDA:0,(anonymous_1)
FNDA:0,(anonymous_2)
FNDA:0,(anonymous_3)
FNDA:0,(anonymous_4)
FNDA:0,(anonymous_5)
DA:11,0
DA:12,0
DA:13,0
DA:14,0
LF:4
LH:0
BRF:0
BRH:0
end_of_record
TN:
SF:src/middleware/requireServiceKey.ts
FN:14,(anonymous_1)
FNF:1
FNH:0
FNDA:0,(anonymous_1)
DA:2,0
DA:3,0
DA:4,0
DA:14,0
DA:19,0
DA:20,0
DA:22,0
DA:23,0
DA:31,0
DA:32,0
DA:35,0
DA:36,0
DA:43,0
DA:45,0
DA:46,0
DA:53,0
DA:55,0
LF:17
LH:0
BRDA:22,0,0,0
BRDA:35,1,0,0
BRDA:45,2,0,0
BRF:3
BRH:0
end_of_record
TN:
SF:src/middleware/validate.ts
FN:31,(anonymous_0)
FN:35,(anonymous_1)
FN:56,(anonymous_2)
FN:80,(anonymous_3)
FNF:4
FNH:3
FNDA:12,(anonymous_0)
FNDA:13,(anonymous_1)
FNDA:8,(anonymous_2)
FNDA:0,(anonymous_3)
DA:2,4
DA:3,4
DA:31,4
DA:35,12
DA:40,13
DA:41,13
DA:42,13
DA:45,6
DA:46,4
DA:47,2
DA:48,1
DA:49,1
DA:50,1
DA:53,6
DA:55,7
DA:56,8
DA:62,7
DA:69,7
DA:71,0
DA:80,4
DA:81,0
LF:21
LH:19
BRDA:41,0,0,11
BRDA:41,0,1,2
BRDA:41,1,0,1
BRDA:41,1,1,1
BRDA:45,2,0,4
BRDA:45,2,1,2
BRDA:47,3,0,1
BRDA:47,3,1,1
BRDA:49,4,0,1
BRDA:55,5,0,7
BRDA:55,5,1,0
BRF:11
BRH:10
end_of_record
TN:
SF:src/routes/admin.ts
FN:19,(anonymous_0)
FNF:1
FNH:0
FNDA:0,(anonymous_0)
DA:1,3
DA:3,3
DA:19,3
DA:20,0
DA:26,3
LF:5
LH:4
BRF:0
BRH:0
end_of_record
TN:
SF:src/routes/auth.ts
FN:28,(anonymous_9)
FN:60,(anonymous_10)
FN:88,(anonymous_11)
FN:135,(anonymous_12)
FN:217,(anonymous_13)
FN:245,(anonymous_14)
FN:296,(anonymous_15)
FNF:7
FNH:6
FNDA:2,(anonymous_9)
FNDA:2,(anonymous_10)
FNDA:3,(anonymous_11)
FNDA:4,(anonymous_12)
FNDA:0,(anonymous_13)
FNDA:1,(anonymous_14)
FNDA:2,(anonymous_15)
DA:1,3
DA:2,3
DA:3,3
DA:4,3
DA:5,3
DA:6,3
DA:7,3
DA:8,3
DA:9,3
DA:11,3
DA:16,3
DA:25,3
DA:29,2
DA:30,2
DA:33,2
DA:36,2
DA:37,2
DA:40,0
DA:45,2
DA:49,0
DA:58,3
DA:61,2
DA:62,2
DA:64,2
DA:65,1
DA:69,1
DA:71,1
DA:75,1
DA:85,3
DA:89,3
DA:90,3
DA:91,3
DA:93,3
DA:94,1
DA:102,2
DA:105,2
DA:106,1
DA:107,1
DA:110,2
DA:113,2
DA:117,1
DA:133,3
DA:136,4
DA:137,4
DA:139,4
DA:140,1
DA:143,3
DA:144,1
DA:148,2
DA:149,2
DA:150,2
DA:151,2
DA:154,1
DA:158,2
DA:161,2
DA:163,2
DA:165,1
DA:168,1
DA:169,1
DA:173,1
DA:174,0
DA:178,1
DA:185,1
DA:187,1
DA:193,1
DA:196,1
DA:198,1
DA:203,2
DA:214,3
DA:218,0
DA:219,0
DA:220,0
DA:224,0
DA:225,0
DA:227,0
DA:229,0
DA:233,0
DA:242,3
DA:246,1
DA:247,1
DA:248,0
DA:252,1
DA:253,1
DA:254,0
DA:257,1
DA:260,1
DA:261,1
DA:262,1
DA:263,0
DA:266,1
DA:270,1
DA:272,1
DA:273,1
DA:276,0
DA:280,1
DA:284,0
DA:293,3
DA:297,2
DA:298,2
DA:299,0
DA:303,2
DA:304,2
DA:308,2
DA:309,0
DA:312,2
DA:323,0
DA:328,3
LF:107
LH:88
BRDA:64,0,0,1
BRDA:64,1,0,2
BRDA:64,1,1,1
BRDA:93,2,0,1
BRDA:93,3,0,3
BRDA:93,3,1,2
BRDA:105,4,0,1
BRDA:105,5,0,2
BRDA:105,5,1,1
BRDA:139,6,0,1
BRDA:139,7,0,4
BRDA:139,7,1,3
BRDA:143,8,0,1
BRDA:143,9,0,3
BRDA:143,9,1,2
BRDA:163,10,0,1
BRDA:163,10,1,1
BRDA:173,11,0,0
BRDA:219,12,0,0
BRDA:247,13,0,0
BRDA:253,14,0,0
BRDA:262,15,0,0
BRDA:272,16,0,1
BRDA:298,17,0,0
BRDA:308,18,0,0
BRF:25
BRH:18
end_of_record
TN:
SF:src/routes/brackets.ts
FN:16,(anonymous_0)
FNF:1
FNH:0
FNDA:0,(anonymous_0)
DA:1,3
DA:3,3
DA:16,3
DA:17,0
DA:23,3
LF:5
LH:4
BRF:0
BRH:0
end_of_record
TN:
SF:src/routes/distilleries.ts
FN:7,(anonymous_0)
FN:21,(anonymous_1)
FN:37,(anonymous_2)
FNF:3
FNH:0
FNDA:0,(anonymous_0)
FNDA:0,(anonymous_1)
FNDA:0,(anonymous_2)
DA:1,3
DA:2,3
DA:4,3
DA:8,0
DA:9,0
DA:12,0
DA:13,0
DA:21,3
DA:22,0
DA:23,0
DA:24,0
DA:29,0
DA:37,3
DA:38,0
DA:39,0
DA:40,0
DA:41,0
DA:47,0
DA:49,0
DA:53,3
LF:20
LH:6
BRDA:40,0,0,0
BRF:1
BRH:0
end_of_record
TN:
SF:src/routes/health.ts
FN:11,(anonymous_0)
FNF:1
FNH:1
FNDA:4,(anonymous_0)
DA:1,3
DA:3,3
DA:11,3
DA:12,4
DA:18,3
LF:5
LH:5
BRF:0
BRH:0
end_of_record
TN:
SF:src/routes/index.ts
FNF:0
FNH:0
DA:1,3
DA:2,3
DA:3,3
DA:4,3
DA:5,3
DA:6,3
DA:7,3
DA:8,3
DA:9,3
DA:11,3
DA:27,3
DA:28,3
DA:29,3
DA:30,3
DA:31,3
DA:32,3
DA:33,3
DA:34,3
DA:36,3
LF:19
LH:19
BRF:0
BRH:0
end_of_record
TN:
SF:src/routes/tournaments.ts
FN:12,(anonymous_0)
FN:26,getMergedVoteCounts
FN:59,(anonymous_2)
FN:76,(anonymous_3)
FN:147,(anonymous_4)
FN:192,(anonymous_5)
FN:245,(anonymous_6)
FN:265,(anonymous_7)
FN:268,(anonymous_8)
FNF:9
FNH:0
FNDA:0,(anonymous_0)
FNDA:0,getMergedVoteCounts
FNDA:0,(anonymous_2)
FNDA:0,(anonymous_3)
FNDA:0,(anonymous_4)
FNDA:0,(anonymous_5)
FNDA:0,(anonymous_6)
FNDA:0,(anonymous_7)
FNDA:0,(anonymous_8)
DA:1,3
DA:2,3
DA:3,3
DA:7,3
DA:9,3
DA:13,0
DA:14,0
DA:17,0
DA:18,0
DA:30,0
DA:31,0
DA:38,0
DA:43,0
DA:44,0
DA:45,0
DA:48,0
DA:57,3
DA:60,0
DA:61,0
DA:62,0
DA:63,0
DA:65,0
DA:66,0
DA:67,0
DA:74,0
DA:75,0
DA:76,0
DA:77,0
DA:78,0
DA:79,0
DA:83,0
DA:84,0
DA:88,0
DA:89,0
DA:96,0
DA:103,0
DA:104,0
DA:106,0
DA:107,0
DA:108,0
DA:110,0
DA:111,0
DA:116,0
DA:117,0
DA:120,0
DA:124,0
DA:136,0
DA:145,3
DA:148,0
DA:149,0
DA:150,0
DA:152,0
DA:153,0
DA:154,0
DA:162,0
DA:163,0
DA:164,0
DA:165,0
DA:166,0
DA:170,0
DA:177,0
DA:179,0
DA:190,3
DA:193,0
DA:194,0
DA:195,0
DA:197,0
DA:198,0
DA:199,0
DA:206,0
DA:207,0
DA:209,0
DA:210,0
DA:211,0
DA:214,0
DA:215,0
DA:216,0
DA:217,0
DA:220,0
DA:221,0
DA:222,0
DA:226,0
DA:234,0
DA:236,0
DA:245,3
DA:246,0
DA:247,0
DA:248,0
DA:250,0
DA:251,0
DA:252,0
DA:255,0
DA:257,0
DA:265,3
DA:266,0
DA:267,0
DA:268,0
DA:273,0
DA:275,0
DA:279,3
LF:100
LH:11
BRDA:66,0,0,0
BRDA:77,1,0,0
BRDA:83,2,0,0
BRDA:107,3,0,0
BRDA:112,4,0,0
BRDA:112,4,1,0
BRDA:116,5,0,0
BRDA:120,6,0,0
BRDA:120,6,1,0
BRDA:130,7,0,0
BRDA:130,7,1,0
BRDA:133,8,0,0
BRDA:133,8,1,0
BRDA:153,9,0,0
BRDA:198,10,0,0
BRDA:214,11,0,0
BRDA:214,12,0,0
BRDA:214,12,1,0
BRDA:214,12,2,0
BRDA:217,13,0,0
BRDA:217,13,1,0
BRDA:220,14,0,0
BRDA:251,15,0,0
BRF:23
BRH:0
end_of_record
TN:
SF:src/routes/users.ts
FN:13,(anonymous_0)
FNF:1
FNH:0
FNDA:0,(anonymous_0)
DA:1,3
DA:3,3
DA:13,3
DA:14,0
DA:20,3
LF:5
LH:4
BRF:0
BRH:0
end_of_record
TN:
SF:src/routes/votes.ts
FN:14,(anonymous_0)
FNF:1
FNH:0
FNDA:0,(anonymous_0)
DA:1,3
DA:3,3
DA:14,3
DA:15,0
DA:21,3
LF:5
LH:4
BRF:0
BRH:0
end_of_record
TN:
SF:src/services/authService.ts
FN:13,createSession
FN:44,verifySession
FN:64,revokeSession
FNF:3
FNH:2
FNDA:2,createSession
FNDA:0,verifySession
FNDA:1,revokeSession
DA:1,4
DA:2,4
DA:3,4
DA:4,4
DA:13,4
DA:14,2
DA:15,2
DA:16,2
DA:19,2
DA:24,2
DA:25,2
DA:34,2
DA:44,4
DA:45,0
DA:47,0
DA:51,0
DA:52,0
DA:56,0
DA:64,4
DA:65,1
DA:66,1
DA:68,1
LF:22
LH:17
BRDA:51,0,0,0
BRF:1
BRH:0
end_of_record
TN:
SF:src/services/discordOAuthService.ts
FN:39,generateAuthUrl
FN:66,exchangeCode
FN:112,fetchDiscordUser
FN:141,upsertUser
FN:191,linkDiscordToEmail
FNF:5
FNH:0
FNDA:0,generateAuthUrl
FNDA:0,exchangeCode
FNDA:0,fetchDiscordUser
FNDA:0,upsertUser
FNDA:0,linkDiscordToEmail
DA:1,2
DA:2,2
DA:3,2
DA:4,2
DA:39,2
DA:40,0
DA:41,0
DA:44,0
DA:46,0
DA:54,0
DA:56,0
DA:66,2
DA:67,0
DA:68,0
DA:71,0
DA:79,0
DA:80,0
DA:88,0
DA:89,0
DA:90,0
DA:95,0
DA:96,0
DA:98,0
DA:99,0
DA:101,0
DA:112,2
DA:113,0
DA:114,0
DA:120,0
DA:121,0
DA:124,0
DA:125,0
DA:127,0
DA:128,0
DA:130,0
DA:141,2
DA:142,0
DA:143,0
DA:146,0
DA:150,0
DA:152,0
DA:159,0
DA:160,0
DA:161,0
DA:165,0
DA:170,0
DA:174,0
DA:175,0
DA:179,0
DA:191,2
DA:196,0
DA:197,0
DA:200,0
DA:204,0
DA:205,0
DA:213,0
LF:56
LH:9
BRDA:40,0,0,0
BRDA:44,1,0,0
BRDA:44,1,1,0
BRDA:48,2,0,0
BRDA:48,2,1,0
BRDA:67,3,0,0
BRDA:67,4,0,0
BRDA:67,4,1,0
BRDA:76,5,0,0
BRDA:76,5,1,0
BRDA:88,6,0,0
BRDA:98,7,0,0
BRDA:120,8,0,0
BRDA:127,9,0,0
BRDA:150,10,0,0
BRDA:150,10,1,0
BRDA:160,11,0,0
BRDA:168,12,0,0
BRDA:168,12,1,0
BRDA:174,13,0,0
BRDA:204,14,0,0
BRF:21
BRH:0
end_of_record
TN:
SF:src/services/magicLinkService.ts
FN:25,generateMagicLink
FN:61,verifyMagicLink
FN:117,sendMagicLinkEmail
FN:123,(anonymous_13)
FN:144,(anonymous_14)
FNF:5
FNH:0
FNDA:0,generateMagicLink
FNDA:0,verifyMagicLink
FNDA:0,sendMagicLinkEmail
FNDA:0,(anonymous_13)
FNDA:0,(anonymous_14)
DA:1,2
DA:2,2
DA:3,2
DA:4,2
DA:5,2
DA:25,2
DA:26,0
DA:29,0
DA:32,0
DA:35,0
DA:36,0
DA:39,0
DA:44,0
DA:61,2
DA:62,0
DA:65,0
DA:66,0
DA:69,0
DA:76,0
DA:77,0
DA:81,0
DA:84,0
DA:89,0
DA:90,0
DA:96,0
DA:100,0
DA:101,0
DA:106,0
DA:107,0
DA:117,2
DA:118,0
DA:120,0
DA:122,0
DA:123,0
DA:124,0
DA:126,0
DA:138,0
DA:139,0
DA:143,0
DA:144,0
DA:147,0
DA:148,0
DA:158,0
DA:171,0
DA:173,0
DA:174,0
LF:46
LH:8
BRDA:76,0,0,0
BRDA:89,1,0,0
BRDA:100,2,0,0
BRDA:120,3,0,0
BRDA:120,3,1,0
BRDA:120,4,0,0
BRDA:120,4,1,0
BRF:7
BRH:0
end_of_record
TN:
SF:src/utils/crypto.ts
FN:10,randomBytes
FN:17,uuidv4
FN:27,sha256
FN:39,timingSafeEqual
FNF:4
FNH:4
FNDA:5,randomBytes
FNDA:25,uuidv4
FNDA:6,sha256
FNDA:9,timingSafeEqual
DA:1,5
DA:2,5
DA:10,5
DA:11,5
DA:17,5
DA:18,25
DA:27,5
DA:28,6
DA:39,5
DA:40,9
DA:41,4
DA:44,5
DA:45,5
DA:46,5
DA:47,5
DA:49,0
LF:16
LH:15
BRDA:10,0,0,0
BRDA:40,1,0,4
BRF:2
BRH:1
end_of_record
